2018-01-16 14:19:23,268 [main] INFO  org.mule.module.launcher.application.DefaultMuleApplication - 
++++++++++++++++++++++++++++++++++++++++++++++++++++++++++++
+ Initializing app 'filepoll'                              +
++++++++++++++++++++++++++++++++++++++++++++++++++++++++++++
2018-01-16 14:19:23,446 [main] INFO  org.mule.lifecycle.AbstractLifecycleManager - Initialising RegistryBroker
2018-01-16 14:19:23,544 [main] INFO  org.mule.module.extension.internal.manager.DefaultExtensionManager - Starting discovery of extensions
2018-01-16 14:19:23,629 [main] INFO  org.mule.module.extension.internal.manager.DefaultExtensionManager - Discovered 1 extensions
2018-01-16 14:19:23,629 [main] INFO  org.mule.module.extension.internal.manager.DefaultExtensionManager - Registering extension validation (version 3.8)
2018-01-16 14:19:23,675 [main] INFO  org.mule.config.spring.MuleArtifactContext - Refreshing org.mule.config.spring.MuleArtifactContext@1ac85b0c: startup date [Tue Jan 16 14:19:23 IST 2018]; root of context hierarchy
2018-01-16 14:19:24,479 [main] INFO  org.mule.lifecycle.AbstractLifecycleManager - Disposing RegistryBroker
2018-01-16 14:19:24,532 [main] ERROR org.mule.module.launcher.application.DefaultMuleApplication - null
org.xml.sax.SAXParseException: cvc-complex-type.2.4.b: The content of element 'flow' is not complete. One of '{"http://www.mulesoft.org/schema/mule/core":annotations, "http://www.mulesoft.org/schema/mule/core":description, "http://www.mulesoft.org/schema/mule/core":abstract-message-source, "http://www.mulesoft.org/schema/mule/core":abstract-inbound-endpoint, "http://www.mulesoft.org/schema/mule/core":abstract-message-processor, "http://www.mulesoft.org/schema/mule/core":abstract-outbound-endpoint, "http://www.mulesoft.org/schema/mule/core":abstract-mixed-content-message-processor, "http://www.mulesoft.org/schema/mule/core":response}' is expected.
	at org.apache.xerces.util.ErrorHandlerWrapper.createSAXParseException(Unknown Source) ~[?:?]
	at org.apache.xerces.util.ErrorHandlerWrapper.error(Unknown Source) ~[?:?]
	at org.apache.xerces.impl.XMLErrorReporter.reportError(Unknown Source) ~[?:?]
	at org.apache.xerces.impl.XMLErrorReporter.reportError(Unknown Source) ~[?:?]
	at org.apache.xerces.impl.XMLErrorReporter.reportError(Unknown Source) ~[?:?]
	at org.apache.xerces.impl.xs.XMLSchemaValidator$XSIErrorReporter.reportError(Unknown Source) ~[?:?]
	at org.apache.xerces.impl.xs.XMLSchemaValidator.reportSchemaError(Unknown Source) ~[?:?]
	at org.apache.xerces.impl.xs.XMLSchemaValidator.elementLocallyValidComplexType(Unknown Source) ~[?:?]
	at org.apache.xerces.impl.xs.XMLSchemaValidator.elementLocallyValidType(Unknown Source) ~[?:?]
	at org.apache.xerces.impl.xs.XMLSchemaValidator.processElementContent(Unknown Source) ~[?:?]
	at org.apache.xerces.impl.xs.XMLSchemaValidator.handleEndElement(Unknown Source) ~[?:?]
	at org.apache.xerces.impl.xs.XMLSchemaValidator.emptyElement(Unknown Source) ~[?:?]
	at org.apache.xerces.impl.XMLNSDocumentScannerImpl.scanStartElement(Unknown Source) ~[?:?]
	at org.apache.xerces.impl.XMLDocumentFragmentScannerImpl$FragmentContentDispatcher.dispatch(Unknown Source) ~[?:?]
	at org.apache.xerces.impl.XMLDocumentFragmentScannerImpl.scanDocument(Unknown Source) ~[?:?]
	at org.apache.xerces.parsers.XML11Configuration.parse(Unknown Source) ~[?:?]
	at org.apache.xerces.parsers.XML11Configuration.parse(Unknown Source) ~[?:?]
	at org.apache.xerces.parsers.XMLParser.parse(Unknown Source) ~[?:?]
	at org.apache.xerces.parsers.DOMParser.parse(Unknown Source) ~[?:?]
	at org.apache.xerces.jaxp.DocumentBuilderImpl.parse(Unknown Source) ~[?:?]
	at org.springframework.beans.factory.xml.DefaultDocumentLoader.loadDocument(DefaultDocumentLoader.java:76) ~[spring-beans-4.1.9.RELEASE.jar:4.1.9.RELEASE]
	at org.mule.config.spring.MuleDocumentLoader.loadDocument(MuleDocumentLoader.java:91) ~[mule-module-spring-config-3.8.5.jar:3.8.5]
	at org.springframework.beans.factory.xml.XmlBeanDefinitionReader.doLoadDocument(XmlBeanDefinitionReader.java:429) ~[spring-beans-4.1.9.RELEASE.jar:4.1.9.RELEASE]
	at org.springframework.beans.factory.xml.XmlBeanDefinitionReader.doLoadBeanDefinitions(XmlBeanDefinitionReader.java:391) ~[spring-beans-4.1.9.RELEASE.jar:4.1.9.RELEASE]
	at org.springframework.beans.factory.xml.XmlBeanDefinitionReader.loadBeanDefinitions(XmlBeanDefinitionReader.java:336) ~[spring-beans-4.1.9.RELEASE.jar:4.1.9.RELEASE]
	at org.springframework.beans.factory.xml.XmlBeanDefinitionReader.loadBeanDefinitions(XmlBeanDefinitionReader.java:304) ~[spring-beans-4.1.9.RELEASE.jar:4.1.9.RELEASE]
	at org.springframework.beans.factory.support.AbstractBeanDefinitionReader.loadBeanDefinitions(AbstractBeanDefinitionReader.java:181) ~[spring-beans-4.1.9.RELEASE.jar:4.1.9.RELEASE]
	at org.mule.config.spring.MuleArtifactContext.loadBeanDefinitions(MuleArtifactContext.java:192) ~[mule-module-spring-config-3.8.5.jar:3.8.5]
	at org.springframework.context.support.AbstractRefreshableApplicationContext.refreshBeanFactory(AbstractRefreshableApplicationContext.java:129) ~[spring-context-4.1.9.RELEASE.jar:4.1.9.RELEASE]
	at org.springframework.context.support.AbstractApplicationContext.obtainFreshBeanFactory(AbstractApplicationContext.java:541) ~[spring-context-4.1.9.RELEASE.jar:4.1.9.RELEASE]
	at org.springframework.context.support.AbstractApplicationContext.refresh(AbstractApplicationContext.java:452) ~[spring-context-4.1.9.RELEASE.jar:4.1.9.RELEASE]
	at org.mule.config.spring.SpringRegistry.doInitialise(SpringRegistry.java:108) ~[mule-module-spring-config-3.8.5.jar:3.8.5]
	at org.mule.registry.AbstractRegistry.initialise(AbstractRegistry.java:104) ~[mule-core-3.8.5.jar:3.8.5]
	at org.mule.config.spring.SpringXmlConfigurationBuilder.createSpringRegistry(SpringXmlConfigurationBuilder.java:177) ~[mule-module-spring-config-3.8.5.jar:3.8.5]
	at org.mule.config.spring.SpringXmlConfigurationBuilder.doConfigure(SpringXmlConfigurationBuilder.java:100) ~[mule-module-spring-config-3.8.5.jar:3.8.5]
	at org.mule.config.builders.AbstractConfigurationBuilder.configure(AbstractConfigurationBuilder.java:43) ~[mule-core-3.8.5.jar:3.8.5]
	at org.mule.config.builders.AbstractResourceConfigurationBuilder.configure(AbstractResourceConfigurationBuilder.java:69) ~[mule-core-3.8.5.jar:3.8.5]
	at org.mule.config.builders.AutoConfigurationBuilder.autoConfigure(AutoConfigurationBuilder.java:102) ~[mule-core-3.8.5.jar:3.8.5]
	at org.mule.config.builders.AutoConfigurationBuilder.doConfigure(AutoConfigurationBuilder.java:54) ~[mule-core-3.8.5.jar:3.8.5]
	at org.mule.config.builders.AbstractConfigurationBuilder.configure(AbstractConfigurationBuilder.java:43) ~[mule-core-3.8.5.jar:3.8.5]
	at org.mule.config.builders.AbstractResourceConfigurationBuilder.configure(AbstractResourceConfigurationBuilder.java:69) ~[mule-core-3.8.5.jar:3.8.5]
	at org.mule.context.DefaultMuleContextFactory$1.configure(DefaultMuleContextFactory.java:89) ~[mule-core-3.8.5.jar:3.8.5]
	at org.mule.context.DefaultMuleContextFactory.doCreateMuleContext(DefaultMuleContextFactory.java:222) ~[mule-core-3.8.5.jar:3.8.5]
	at org.mule.context.DefaultMuleContextFactory.createMuleContext(DefaultMuleContextFactory.java:81) ~[mule-core-3.8.5.jar:3.8.5]
	at org.mule.module.launcher.application.DefaultMuleApplication.init(DefaultMuleApplication.java:203) ~[mule-module-launcher-3.8.5.jar:3.8.5]
	at org.mule.module.launcher.artifact.ArtifactWrapper$2.execute(ArtifactWrapper.java:63) ~[mule-module-launcher-3.8.5.jar:3.8.5]
	at org.mule.module.launcher.artifact.ArtifactWrapper.executeWithinArtifactClassLoader(ArtifactWrapper.java:136) ~[mule-module-launcher-3.8.5.jar:3.8.5]
	at org.mule.module.launcher.artifact.ArtifactWrapper.init(ArtifactWrapper.java:58) ~[mule-module-launcher-3.8.5.jar:3.8.5]
	at org.mule.module.launcher.DefaultArtifactDeployer.deploy(DefaultArtifactDeployer.java:25) ~[mule-module-launcher-3.8.5.jar:3.8.5]
	at org.mule.module.launcher.DefaultArchiveDeployer.deployArtifact(DefaultArchiveDeployer.java:317) ~[mule-module-launcher-3.8.5.jar:3.8.5]
	at org.mule.module.launcher.DefaultArchiveDeployer.deployPackagedArtifact(DefaultArchiveDeployer.java:172) ~[mule-module-launcher-3.8.5.jar:3.8.5]
	at org.mule.module.launcher.DefaultArchiveDeployer.deployPackagedArtifact(DefaultArchiveDeployer.java:261) ~[mule-module-launcher-3.8.5.jar:3.8.5]
	at org.mule.module.launcher.DefaultArchiveDeployer.deployPackagedArtifact(DefaultArchiveDeployer.java:76) ~[mule-module-launcher-3.8.5.jar:3.8.5]
	at org.mule.module.launcher.DeploymentDirectoryWatcher.deployPackedApps(DeploymentDirectoryWatcher.java:279) ~[mule-module-launcher-3.8.5.jar:3.8.5]
	at org.mule.module.launcher.DeploymentDirectoryWatcher.start(DeploymentDirectoryWatcher.java:151) ~[mule-module-launcher-3.8.5.jar:3.8.5]
	at org.mule.module.launcher.MuleDeploymentService.start(MuleDeploymentService.java:134) ~[mule-module-launcher-3.8.5.jar:3.8.5]
	at org.mule.module.launcher.MuleContainer.start(MuleContainer.java:172) ~[mule-module-launcher-3.8.5.jar:3.8.5]
	at org.mule.tooling.server.application.ApplicationDeployer.main(ApplicationDeployer.java:15) ~[tooling-support-3.8.5.jar:?]
2018-01-16 14:19:24,532 [main] INFO  org.mule.module.launcher.application.DefaultMuleApplication - App 'filepoll' never started, nothing to dispose of
2018-01-16 14:19:52,453 [main] INFO  org.mule.module.launcher.application.DefaultMuleApplication - 
++++++++++++++++++++++++++++++++++++++++++++++++++++++++++++
+ Initializing app 'filepoll'                              +
++++++++++++++++++++++++++++++++++++++++++++++++++++++++++++
2018-01-16 14:19:52,640 [main] INFO  org.mule.lifecycle.AbstractLifecycleManager - Initialising RegistryBroker
2018-01-16 14:19:52,727 [main] INFO  org.mule.module.extension.internal.manager.DefaultExtensionManager - Starting discovery of extensions
2018-01-16 14:19:52,816 [main] INFO  org.mule.module.extension.internal.manager.DefaultExtensionManager - Discovered 1 extensions
2018-01-16 14:19:52,816 [main] INFO  org.mule.module.extension.internal.manager.DefaultExtensionManager - Registering extension validation (version 3.8)
2018-01-16 14:19:52,863 [main] INFO  org.mule.config.spring.MuleArtifactContext - Refreshing org.mule.config.spring.MuleArtifactContext@1ac85b0c: startup date [Tue Jan 16 14:19:52 IST 2018]; root of context hierarchy
2018-01-16 14:19:53,884 [main] INFO  org.mule.config.spring.processors.NoDevkitInjectorProcessor - JSR-330 'javax.inject.Inject' annotation found and supported for autowiring
2018-01-16 14:19:54,551 [main] WARN  org.mule.module.ognl.expression.OgnlExpressionEvaluator - OGNL module is deprecated and will be removed in Mule 4.0. Use MEL expressions instead.
2018-01-16 14:19:54,745 [main] INFO  org.mule.util.journal.TransactionJournal - Using files for tx logs C:\Users\EAI\AnypointStudio\workspace\.mule\.\.mule\filepoll\queue-tx-log\tx1.log and C:\Users\EAI\AnypointStudio\workspace\.mule\.\.mule\filepoll\queue-tx-log\tx2.log
2018-01-16 14:19:54,768 [main] INFO  org.mule.util.journal.TransactionJournal - Using files for tx logs C:\Users\EAI\AnypointStudio\workspace\.mule\.\.mule\filepoll\queue-xa-tx-log\tx1.log and C:\Users\EAI\AnypointStudio\workspace\.mule\.\.mule\filepoll\queue-xa-tx-log\tx2.log
2018-01-16 14:19:54,776 [main] INFO  org.mule.lifecycle.AbstractLifecycleManager - Initialising connector: connector.file.mule.default
2018-01-16 14:19:54,892 [main] INFO  org.mule.lifecycle.AbstractLifecycleManager - Initialising model: _muleSystemModel
2018-01-16 14:19:54,896 [main] INFO  org.mule.construct.FlowConstructLifecycleManager - Initialising flow: filepollFlow
2018-01-16 14:19:54,896 [main] INFO  org.mule.exception.DefaultMessagingExceptionStrategy - Initialising exception listener: org.mule.exception.DefaultMessagingExceptionStrategy@3b1dc579
2018-01-16 14:19:54,922 [main] INFO  org.mule.processor.SedaStageLifecycleManager - Initialising service: filepollFlow.stage1
2018-01-16 14:19:55,267 [main] INFO  org.mule.config.spring.SpringXmlConfigurationBuilder - Configured Mule using "org.mule.config.spring.SpringXmlConfigurationBuilder" with configuration resource(s): "[ConfigResource{resourceName='C:\Users\EAI\AnypointStudio\workspace\.mule\apps\filepoll\filepoll.xml'}]"
2018-01-16 14:19:55,267 [main] INFO  org.mule.config.builders.AutoConfigurationBuilder - Configured Mule using "org.mule.config.builders.AutoConfigurationBuilder" with configuration resource(s): "[ConfigResource{resourceName='C:\Users\EAI\AnypointStudio\workspace\.mule\apps\filepoll\filepoll.xml'}]"
2018-01-16 14:19:58,298 [main] INFO  org.mule.module.launcher.application.DefaultMuleApplication - 
++++++++++++++++++++++++++++++++++++++++++++++++++++++++++++
+ Starting app 'filepoll'                                  +
++++++++++++++++++++++++++++++++++++++++++++++++++++++++++++
2018-01-16 14:19:58,302 [main] INFO  org.mule.util.queue.QueueXaResourceManager - Starting ResourceManager
2018-01-16 14:19:58,302 [main] INFO  org.mule.util.queue.QueueXaResourceManager - Started ResourceManager
2018-01-16 14:19:58,334 [main] INFO  org.mule.transport.file.FileConnector - Connected: FileConnector
{
  name=connector.file.mule.default
  lifecycle=initialise
  this=41a374be
  numberOfConcurrentTransactedReceivers=4
  createMultipleTransactedReceivers=true
  connected=true
  supportedProtocols=[file]
  serviceOverrides=<none>
}

2018-01-16 14:19:58,334 [main] INFO  org.mule.transport.file.FileConnector - Starting: FileConnector
{
  name=connector.file.mule.default
  lifecycle=initialise
  this=41a374be
  numberOfConcurrentTransactedReceivers=4
  createMultipleTransactedReceivers=true
  connected=true
  supportedProtocols=[file]
  serviceOverrides=<none>
}

2018-01-16 14:19:58,335 [main] INFO  org.mule.lifecycle.AbstractLifecycleManager - Starting connector: connector.file.mule.default
2018-01-16 14:19:58,337 [main] INFO  org.mule.modules.oauth2.provider.agents.DefaultSplashScreenAgent - 
++++++++++++++++++++++++++++++++++++++++++++++++++++++++++++++++++++++++++++++++
+ DevKit Extensions (0) used in this application 
                             +
++++++++++++++++++++++++++++++++++++++++++++++++++++++++++++++++++++++++++++++++
2018-01-16 14:19:58,339 [main] INFO  org.mule.lifecycle.AbstractLifecycleManager - Starting model: _muleSystemModel
2018-01-16 14:19:58,340 [main] INFO  org.mule.construct.FlowConstructLifecycleManager - Starting flow: filepollFlow
2018-01-16 14:19:58,340 [main] INFO  org.mule.processor.SedaStageLifecycleManager - Starting service: filepollFlow.stage1
2018-01-16 14:19:58,621 [main] INFO  org.mule.transport.file.FileConnector - Registering listener: filepollFlow on endpointUri: file://D:
2018-01-16 14:19:58,641 [main] INFO  org.mule.lifecycle.AbstractLifecycleManager - Initialising: 'null'. Object is: FileMessageReceiver
2018-01-16 14:19:58,644 [main] INFO  org.mule.transport.file.FileMessageReceiver - Connecting clusterizable message receiver
2018-01-16 14:19:58,657 [main] INFO  org.mule.lifecycle.AbstractLifecycleManager - Starting: 'null'. Object is: FileMessageReceiver
2018-01-16 14:19:58,657 [main] INFO  org.mule.transport.file.FileMessageReceiver - Starting clusterizable message receiver
2018-01-16 14:19:58,663 [main] INFO  org.mule.module.management.agent.WrapperManagerAgent - This JVM hasn't been launched by the wrapper, the agent will not run.
2018-01-16 14:19:58,679 [main] INFO  org.mule.module.management.agent.AbstractJmxAgent - Attempting to register service with name: Mule.filepoll:type=Endpoint,service="filepollFlow",connector=connector.file.mule.default,name="endpoint.file.D"
2018-01-16 14:19:58,679 [main] INFO  org.mule.module.management.agent.AbstractJmxAgent - Registered Endpoint Service with name: Mule.filepoll:type=Endpoint,service="filepollFlow",connector=connector.file.mule.default,name="endpoint.file.D"
2018-01-16 14:19:58,681 [main] INFO  org.mule.module.management.agent.AbstractJmxAgent - Registered Connector Service with name Mule.filepoll:type=Connector,name="connector.file.mule.default"
2018-01-16 14:19:58,684 [main] INFO  org.mule.DefaultMuleContext - 
**********************************************************************
* Application: filepoll                                              *
* OS encoding: \, Mule encoding: UTF-8                               *
*                                                                    *
* Agents Running:                                                    *
*   Batch module default engine                                      *
*   JMX Agent                                                        *
*   DevKit Extension Information                                     *
*   Wrapper Manager                                                  *
**********************************************************************
2018-01-16 14:20:53,757 [Mule.app.deployer.monitor.1.thread.1] INFO  org.mule.module.launcher.application.DefaultMuleApplication - 
++++++++++++++++++++++++++++++++++++++++++++++++++++++++++++
+ Stopping app 'filepoll'                                  +
++++++++++++++++++++++++++++++++++++++++++++++++++++++++++++
2018-01-16 14:20:53,761 [Mule.app.deployer.monitor.1.thread.1] INFO  org.mule.construct.FlowConstructLifecycleManager - Stopping flow: filepollFlow
2018-01-16 14:20:53,762 [Mule.app.deployer.monitor.1.thread.1] INFO  org.mule.transport.file.FileConnector - Removing listener on endpointUri: file://D:
2018-01-16 14:20:53,763 [Mule.app.deployer.monitor.1.thread.1] INFO  org.mule.lifecycle.AbstractLifecycleManager - Stopping: 'null'. Object is: FileMessageReceiver
2018-01-16 14:20:53,764 [Mule.app.deployer.monitor.1.thread.1] INFO  org.mule.lifecycle.AbstractLifecycleManager - Disposing: 'null'. Object is: FileMessageReceiver
2018-01-16 14:20:53,765 [Mule.app.deployer.monitor.1.thread.1] INFO  org.mule.processor.SedaStageLifecycleManager - Stopping service: filepollFlow.stage1
2018-01-16 14:20:53,936 [Mule.app.deployer.monitor.1.thread.1] INFO  org.mule.lifecycle.AbstractLifecycleManager - Stopping model: _muleSystemModel
2018-01-16 14:20:53,943 [Mule.app.deployer.monitor.1.thread.1] INFO  org.mule.lifecycle.AbstractLifecycleManager - Stopping connector: connector.file.mule.default
2018-01-16 14:20:53,955 [Mule.app.deployer.monitor.1.thread.1] INFO  org.mule.util.queue.QueueXaResourceManager - Stopping ResourceManager
2018-01-16 14:20:53,955 [Mule.app.deployer.monitor.1.thread.1] INFO  org.mule.util.queue.QueueXaResourceManager - Stopped ResourceManager
2018-01-16 14:20:53,966 [Mule.app.deployer.monitor.1.thread.1] INFO  org.mule.module.launcher.application.DefaultMuleApplication - 
++++++++++++++++++++++++++++++++++++++++++++++++++++++++++++
+ Disposing app 'filepoll'                                 +
++++++++++++++++++++++++++++++++++++++++++++++++++++++++++++
2018-01-16 14:20:53,967 [Mule.app.deployer.monitor.1.thread.1] INFO  org.mule.lifecycle.AbstractLifecycleManager - Disposing RegistryBroker
2018-01-16 14:20:53,970 [Mule.app.deployer.monitor.1.thread.1] INFO  org.mule.construct.FlowConstructLifecycleManager - Disposing flow: filepollFlow
2018-01-16 14:20:53,971 [Mule.app.deployer.monitor.1.thread.1] INFO  org.mule.processor.SedaStageLifecycleManager - Disposing service: filepollFlow.stage1
2018-01-16 14:20:53,973 [Mule.app.deployer.monitor.1.thread.1] INFO  org.mule.lifecycle.AbstractLifecycleManager - Disposing model: _muleSystemModel
2018-01-16 14:20:53,981 [Mule.app.deployer.monitor.1.thread.1] INFO  org.mule.transport.file.FileConnector - Disconnected: FileConnector
{
  name=connector.file.mule.default
  lifecycle=stop
  this=41a374be
  numberOfConcurrentTransactedReceivers=4
  createMultipleTransactedReceivers=true
  connected=true
  supportedProtocols=[file]
  serviceOverrides=<none>
}

2018-01-16 14:20:53,982 [Mule.app.deployer.monitor.1.thread.1] INFO  org.mule.lifecycle.AbstractLifecycleManager - Disposing connector: connector.file.mule.default
2018-01-16 14:20:54,101 [Mule.app.deployer.monitor.1.thread.1] INFO  org.mule.config.spring.MuleArtifactContext - Closing org.mule.config.spring.MuleArtifactContext@1ac85b0c: startup date [Tue Jan 16 14:19:52 IST 2018]; root of context hierarchy
2018-01-16 14:20:54,136 [Mule.app.deployer.monitor.1.thread.1] INFO  org.mule.DefaultMuleContext - 
**********************************************************************
* Application "filepoll" shut down normally on: 1/16/18 2:20 PM      *
* Up for: 0 days, 0 hours, 0 mins, 55.836 sec                        *
**********************************************************************
2018-01-16 14:20:54,233 [Mule.app.deployer.monitor.1.thread.1] INFO  org.mule.module.launcher.application.DefaultMuleApplication - 
++++++++++++++++++++++++++++++++++++++++++++++++++++++++++++
+ Initializing app 'filepoll'                              +
++++++++++++++++++++++++++++++++++++++++++++++++++++++++++++
2018-01-16 14:20:54,237 [Mule.app.deployer.monitor.1.thread.1] WARN  com.mulesoft.module.client.APIPlatformClientCoreExtension - Client ID or Client Secret were not provided. API Manager client is DISABLED for app filepoll
2018-01-16 14:20:54,240 [Mule.app.deployer.monitor.1.thread.1] INFO  org.mule.lifecycle.AbstractLifecycleManager - Initialising RegistryBroker
2018-01-16 14:20:54,244 [Mule.app.deployer.monitor.1.thread.1] INFO  org.mule.module.extension.internal.manager.DefaultExtensionManager - Starting discovery of extensions
2018-01-16 14:20:54,255 [Mule.app.deployer.monitor.1.thread.1] INFO  org.mule.module.extension.internal.manager.DefaultExtensionManager - Discovered 1 extensions
2018-01-16 14:20:54,256 [Mule.app.deployer.monitor.1.thread.1] INFO  org.mule.module.extension.internal.manager.DefaultExtensionManager - Registering extension validation (version 3.8)
2018-01-16 14:20:54,261 [Mule.app.deployer.monitor.1.thread.1] INFO  org.mule.config.spring.MuleArtifactContext - Refreshing org.mule.config.spring.MuleArtifactContext@7efd8ced: startup date [Tue Jan 16 14:20:54 IST 2018]; root of context hierarchy
2018-01-16 14:20:54,459 [Mule.app.deployer.monitor.1.thread.1] INFO  org.mule.config.spring.processors.NoDevkitInjectorProcessor - JSR-330 'javax.inject.Inject' annotation found and supported for autowiring
2018-01-16 14:20:54,599 [Mule.app.deployer.monitor.1.thread.1] INFO  org.mule.util.journal.TransactionJournal - Using files for tx logs C:\Users\EAI\AnypointStudio\workspace\.mule\.\.mule\filepoll\queue-tx-log\tx1.log and C:\Users\EAI\AnypointStudio\workspace\.mule\.\.mule\filepoll\queue-tx-log\tx2.log
2018-01-16 14:20:54,604 [Mule.app.deployer.monitor.1.thread.1] INFO  org.mule.util.journal.TransactionJournal - Using files for tx logs C:\Users\EAI\AnypointStudio\workspace\.mule\.\.mule\filepoll\queue-xa-tx-log\tx1.log and C:\Users\EAI\AnypointStudio\workspace\.mule\.\.mule\filepoll\queue-xa-tx-log\tx2.log
2018-01-16 14:20:54,608 [Mule.app.deployer.monitor.1.thread.1] INFO  org.mule.lifecycle.AbstractLifecycleManager - Initialising connector: connector.file.mule.default
2018-01-16 14:20:54,635 [Mule.app.deployer.monitor.1.thread.1] INFO  org.mule.lifecycle.AbstractLifecycleManager - Initialising model: _muleSystemModel
2018-01-16 14:20:54,639 [Mule.app.deployer.monitor.1.thread.1] INFO  org.mule.construct.FlowConstructLifecycleManager - Initialising flow: filepollFlow
2018-01-16 14:20:54,639 [Mule.app.deployer.monitor.1.thread.1] INFO  org.mule.exception.DefaultMessagingExceptionStrategy - Initialising exception listener: org.mule.exception.DefaultMessagingExceptionStrategy@2e9ffe98
2018-01-16 14:20:54,645 [Mule.app.deployer.monitor.1.thread.1] INFO  org.mule.processor.SedaStageLifecycleManager - Initialising service: filepollFlow.stage1
2018-01-16 14:20:54,721 [Mule.app.deployer.monitor.1.thread.1] INFO  org.mule.config.spring.SpringXmlConfigurationBuilder - Configured Mule using "org.mule.config.spring.SpringXmlConfigurationBuilder" with configuration resource(s): "[ConfigResource{resourceName='C:\Users\EAI\AnypointStudio\workspace\.mule\apps\filepoll\filepoll.xml'}]"
2018-01-16 14:20:54,721 [Mule.app.deployer.monitor.1.thread.1] INFO  org.mule.config.builders.AutoConfigurationBuilder - Configured Mule using "org.mule.config.builders.AutoConfigurationBuilder" with configuration resource(s): "[ConfigResource{resourceName='C:\Users\EAI\AnypointStudio\workspace\.mule\apps\filepoll\filepoll.xml'}]"
2018-01-16 14:20:58,767 [main] INFO  org.mule.module.launcher.application.DefaultMuleApplication - 
++++++++++++++++++++++++++++++++++++++++++++++++++++++++++++
+ Initializing app 'filepoll'                              +
++++++++++++++++++++++++++++++++++++++++++++++++++++++++++++
2018-01-16 14:20:58,951 [main] INFO  org.mule.lifecycle.AbstractLifecycleManager - Initialising RegistryBroker
2018-01-16 14:20:59,044 [main] INFO  org.mule.module.extension.internal.manager.DefaultExtensionManager - Starting discovery of extensions
2018-01-16 14:20:59,132 [main] INFO  org.mule.module.extension.internal.manager.DefaultExtensionManager - Discovered 1 extensions
2018-01-16 14:20:59,132 [main] INFO  org.mule.module.extension.internal.manager.DefaultExtensionManager - Registering extension validation (version 3.8)
2018-01-16 14:20:59,180 [main] INFO  org.mule.config.spring.MuleArtifactContext - Refreshing org.mule.config.spring.MuleArtifactContext@1ac85b0c: startup date [Tue Jan 16 14:20:59 IST 2018]; root of context hierarchy
2018-01-16 14:21:00,167 [main] INFO  org.mule.config.spring.processors.NoDevkitInjectorProcessor - JSR-330 'javax.inject.Inject' annotation found and supported for autowiring
2018-01-16 14:21:00,839 [main] WARN  org.mule.module.ognl.expression.OgnlExpressionEvaluator - OGNL module is deprecated and will be removed in Mule 4.0. Use MEL expressions instead.
2018-01-16 14:21:01,044 [main] INFO  org.mule.util.journal.TransactionJournal - Using files for tx logs C:\Users\EAI\AnypointStudio\workspace\.mule\.\.mule\filepoll\queue-tx-log\tx1.log and C:\Users\EAI\AnypointStudio\workspace\.mule\.\.mule\filepoll\queue-tx-log\tx2.log
2018-01-16 14:21:01,059 [main] INFO  org.mule.util.journal.TransactionJournal - Using files for tx logs C:\Users\EAI\AnypointStudio\workspace\.mule\.\.mule\filepoll\queue-xa-tx-log\tx1.log and C:\Users\EAI\AnypointStudio\workspace\.mule\.\.mule\filepoll\queue-xa-tx-log\tx2.log
2018-01-16 14:21:01,068 [main] INFO  org.mule.lifecycle.AbstractLifecycleManager - Initialising connector: connector.file.mule.default
2018-01-16 14:21:01,233 [main] INFO  org.mule.lifecycle.AbstractLifecycleManager - Initialising model: _muleSystemModel
2018-01-16 14:21:01,237 [main] INFO  org.mule.construct.FlowConstructLifecycleManager - Initialising flow: filepollFlow
2018-01-16 14:21:01,237 [main] INFO  org.mule.exception.DefaultMessagingExceptionStrategy - Initialising exception listener: org.mule.exception.DefaultMessagingExceptionStrategy@3b7eac14
2018-01-16 14:21:01,255 [main] INFO  org.mule.processor.SedaStageLifecycleManager - Initialising service: filepollFlow.stage1
2018-01-16 14:21:01,612 [main] INFO  org.mule.config.spring.SpringXmlConfigurationBuilder - Configured Mule using "org.mule.config.spring.SpringXmlConfigurationBuilder" with configuration resource(s): "[ConfigResource{resourceName='C:\Users\EAI\AnypointStudio\workspace\.mule\apps\filepoll\filepoll.xml'}]"
2018-01-16 14:21:01,613 [main] INFO  org.mule.config.builders.AutoConfigurationBuilder - Configured Mule using "org.mule.config.builders.AutoConfigurationBuilder" with configuration resource(s): "[ConfigResource{resourceName='C:\Users\EAI\AnypointStudio\workspace\.mule\apps\filepoll\filepoll.xml'}]"
2018-01-16 14:21:04,634 [main] INFO  org.mule.module.launcher.application.DefaultMuleApplication - 
++++++++++++++++++++++++++++++++++++++++++++++++++++++++++++
+ Starting app 'filepoll'                                  +
++++++++++++++++++++++++++++++++++++++++++++++++++++++++++++
2018-01-16 14:21:04,636 [main] INFO  org.mule.util.queue.QueueXaResourceManager - Starting ResourceManager
2018-01-16 14:21:04,636 [main] INFO  org.mule.util.queue.QueueXaResourceManager - Started ResourceManager
2018-01-16 14:21:04,656 [main] INFO  org.mule.transport.file.FileConnector - Connected: FileConnector
{
  name=connector.file.mule.default
  lifecycle=initialise
  this=7301eebe
  numberOfConcurrentTransactedReceivers=4
  createMultipleTransactedReceivers=true
  connected=true
  supportedProtocols=[file]
  serviceOverrides=<none>
}

2018-01-16 14:21:04,656 [main] INFO  org.mule.transport.file.FileConnector - Starting: FileConnector
{
  name=connector.file.mule.default
  lifecycle=initialise
  this=7301eebe
  numberOfConcurrentTransactedReceivers=4
  createMultipleTransactedReceivers=true
  connected=true
  supportedProtocols=[file]
  serviceOverrides=<none>
}

2018-01-16 14:21:04,657 [main] INFO  org.mule.lifecycle.AbstractLifecycleManager - Starting connector: connector.file.mule.default
2018-01-16 14:21:04,659 [main] INFO  org.mule.modules.oauth2.provider.agents.DefaultSplashScreenAgent - 
++++++++++++++++++++++++++++++++++++++++++++++++++++++++++++++++++++++++++++++++
+ DevKit Extensions (0) used in this application 
                             +
++++++++++++++++++++++++++++++++++++++++++++++++++++++++++++++++++++++++++++++++
2018-01-16 14:21:04,661 [main] INFO  org.mule.lifecycle.AbstractLifecycleManager - Starting model: _muleSystemModel
2018-01-16 14:21:04,662 [main] INFO  org.mule.construct.FlowConstructLifecycleManager - Starting flow: filepollFlow
2018-01-16 14:21:04,907 [main] INFO  org.mule.processor.SedaStageLifecycleManager - Starting service: filepollFlow.stage1
2018-01-16 14:21:04,942 [main] INFO  org.mule.transport.file.FileConnector - Registering listener: filepollFlow on endpointUri: file://D:
2018-01-16 14:21:04,964 [main] INFO  org.mule.lifecycle.AbstractLifecycleManager - Initialising: 'null'. Object is: FileMessageReceiver
2018-01-16 14:21:04,968 [main] INFO  org.mule.transport.file.FileMessageReceiver - Connecting clusterizable message receiver
2018-01-16 14:21:04,969 [main] INFO  org.mule.lifecycle.AbstractLifecycleManager - Starting: 'null'. Object is: FileMessageReceiver
2018-01-16 14:21:04,969 [main] INFO  org.mule.transport.file.FileMessageReceiver - Starting clusterizable message receiver
2018-01-16 14:21:04,976 [main] INFO  org.mule.module.management.agent.WrapperManagerAgent - This JVM hasn't been launched by the wrapper, the agent will not run.
2018-01-16 14:21:04,994 [main] INFO  org.mule.module.management.agent.AbstractJmxAgent - Attempting to register service with name: Mule.filepoll:type=Endpoint,service="filepollFlow",connector=connector.file.mule.default,name="endpoint.file.D"
2018-01-16 14:21:04,994 [main] INFO  org.mule.module.management.agent.AbstractJmxAgent - Registered Endpoint Service with name: Mule.filepoll:type=Endpoint,service="filepollFlow",connector=connector.file.mule.default,name="endpoint.file.D"
2018-01-16 14:21:04,995 [main] INFO  org.mule.module.management.agent.AbstractJmxAgent - Registered Connector Service with name Mule.filepoll:type=Connector,name="connector.file.mule.default"
2018-01-16 14:21:04,998 [main] INFO  org.mule.DefaultMuleContext - 
**********************************************************************
* Application: filepoll                                              *
* OS encoding: \, Mule encoding: UTF-8                               *
*                                                                    *
* Agents Running:                                                    *
*   Batch module default engine                                      *
*   JMX Agent                                                        *
*   DevKit Extension Information                                     *
*   Wrapper Manager                                                  *
**********************************************************************
2018-01-16 14:21:49,985 [main] INFO  org.mule.module.launcher.application.DefaultMuleApplication - 
++++++++++++++++++++++++++++++++++++++++++++++++++++++++++++
+ Initializing app 'filepoll'                              +
++++++++++++++++++++++++++++++++++++++++++++++++++++++++++++
2018-01-16 14:21:50,164 [main] INFO  org.mule.lifecycle.AbstractLifecycleManager - Initialising RegistryBroker
2018-01-16 14:21:50,255 [main] INFO  org.mule.module.extension.internal.manager.DefaultExtensionManager - Starting discovery of extensions
2018-01-16 14:21:50,348 [main] INFO  org.mule.module.extension.internal.manager.DefaultExtensionManager - Discovered 1 extensions
2018-01-16 14:21:50,348 [main] INFO  org.mule.module.extension.internal.manager.DefaultExtensionManager - Registering extension validation (version 3.8)
2018-01-16 14:21:50,395 [main] INFO  org.mule.config.spring.MuleArtifactContext - Refreshing org.mule.config.spring.MuleArtifactContext@1ac85b0c: startup date [Tue Jan 16 14:21:50 IST 2018]; root of context hierarchy
2018-01-16 14:21:51,409 [main] INFO  org.mule.config.spring.processors.NoDevkitInjectorProcessor - JSR-330 'javax.inject.Inject' annotation found and supported for autowiring
2018-01-16 14:21:52,074 [main] WARN  org.mule.module.ognl.expression.OgnlExpressionEvaluator - OGNL module is deprecated and will be removed in Mule 4.0. Use MEL expressions instead.
2018-01-16 14:21:52,260 [main] INFO  org.mule.util.journal.TransactionJournal - Using files for tx logs C:\Users\EAI\AnypointStudio\workspace\.mule\.\.mule\filepoll\queue-tx-log\tx1.log and C:\Users\EAI\AnypointStudio\workspace\.mule\.\.mule\filepoll\queue-tx-log\tx2.log
2018-01-16 14:21:52,274 [main] INFO  org.mule.util.journal.TransactionJournal - Using files for tx logs C:\Users\EAI\AnypointStudio\workspace\.mule\.\.mule\filepoll\queue-xa-tx-log\tx1.log and C:\Users\EAI\AnypointStudio\workspace\.mule\.\.mule\filepoll\queue-xa-tx-log\tx2.log
2018-01-16 14:21:52,279 [main] INFO  org.mule.lifecycle.AbstractLifecycleManager - Initialising connector: connector.file.mule.default
2018-01-16 14:21:52,388 [main] INFO  org.mule.lifecycle.AbstractLifecycleManager - Initialising model: _muleSystemModel
2018-01-16 14:21:52,395 [main] INFO  org.mule.construct.FlowConstructLifecycleManager - Initialising flow: filepollFlow
2018-01-16 14:21:52,397 [main] INFO  org.mule.exception.DefaultMessagingExceptionStrategy - Initialising exception listener: org.mule.exception.DefaultMessagingExceptionStrategy@3b7eac14
2018-01-16 14:21:52,424 [main] INFO  org.mule.processor.SedaStageLifecycleManager - Initialising service: filepollFlow.stage1
2018-01-16 14:21:52,764 [main] INFO  org.mule.config.spring.SpringXmlConfigurationBuilder - Configured Mule using "org.mule.config.spring.SpringXmlConfigurationBuilder" with configuration resource(s): "[ConfigResource{resourceName='C:\Users\EAI\AnypointStudio\workspace\.mule\apps\filepoll\filepoll.xml'}]"
2018-01-16 14:21:52,765 [main] INFO  org.mule.config.builders.AutoConfigurationBuilder - Configured Mule using "org.mule.config.builders.AutoConfigurationBuilder" with configuration resource(s): "[ConfigResource{resourceName='C:\Users\EAI\AnypointStudio\workspace\.mule\apps\filepoll\filepoll.xml'}]"
2018-01-16 14:21:55,799 [main] INFO  org.mule.module.launcher.application.DefaultMuleApplication - 
++++++++++++++++++++++++++++++++++++++++++++++++++++++++++++
+ Starting app 'filepoll'                                  +
++++++++++++++++++++++++++++++++++++++++++++++++++++++++++++
2018-01-16 14:21:55,802 [main] INFO  org.mule.util.queue.QueueXaResourceManager - Starting ResourceManager
2018-01-16 14:21:55,802 [main] INFO  org.mule.util.queue.QueueXaResourceManager - Started ResourceManager
2018-01-16 14:21:55,836 [main] INFO  org.mule.transport.file.FileConnector - Connected: FileConnector
{
  name=connector.file.mule.default
  lifecycle=initialise
  this=7301eebe
  numberOfConcurrentTransactedReceivers=4
  createMultipleTransactedReceivers=true
  connected=true
  supportedProtocols=[file]
  serviceOverrides=<none>
}

2018-01-16 14:21:55,836 [main] INFO  org.mule.transport.file.FileConnector - Starting: FileConnector
{
  name=connector.file.mule.default
  lifecycle=initialise
  this=7301eebe
  numberOfConcurrentTransactedReceivers=4
  createMultipleTransactedReceivers=true
  connected=true
  supportedProtocols=[file]
  serviceOverrides=<none>
}

2018-01-16 14:21:55,837 [main] INFO  org.mule.lifecycle.AbstractLifecycleManager - Starting connector: connector.file.mule.default
2018-01-16 14:21:55,838 [main] INFO  org.mule.modules.oauth2.provider.agents.DefaultSplashScreenAgent - 
++++++++++++++++++++++++++++++++++++++++++++++++++++++++++++++++++++++++++++++++
+ DevKit Extensions (0) used in this application 
                             +
++++++++++++++++++++++++++++++++++++++++++++++++++++++++++++++++++++++++++++++++
2018-01-16 14:21:55,841 [main] INFO  org.mule.lifecycle.AbstractLifecycleManager - Starting model: _muleSystemModel
2018-01-16 14:21:55,842 [main] INFO  org.mule.construct.FlowConstructLifecycleManager - Starting flow: filepollFlow
2018-01-16 14:21:55,842 [main] INFO  org.mule.processor.SedaStageLifecycleManager - Starting service: filepollFlow.stage1
2018-01-16 14:21:56,131 [main] INFO  org.mule.transport.file.FileConnector - Registering listener: filepollFlow on endpointUri: file://D:
2018-01-16 14:21:56,148 [main] INFO  org.mule.lifecycle.AbstractLifecycleManager - Initialising: 'null'. Object is: FileMessageReceiver
2018-01-16 14:21:56,151 [main] INFO  org.mule.transport.file.FileMessageReceiver - Connecting clusterizable message receiver
2018-01-16 14:21:56,152 [main] INFO  org.mule.lifecycle.AbstractLifecycleManager - Starting: 'null'. Object is: FileMessageReceiver
2018-01-16 14:21:56,152 [main] INFO  org.mule.transport.file.FileMessageReceiver - Starting clusterizable message receiver
2018-01-16 14:21:56,158 [main] INFO  org.mule.module.management.agent.WrapperManagerAgent - This JVM hasn't been launched by the wrapper, the agent will not run.
2018-01-16 14:21:56,175 [main] INFO  org.mule.module.management.agent.AbstractJmxAgent - Attempting to register service with name: Mule.filepoll:type=Endpoint,service="filepollFlow",connector=connector.file.mule.default,name="endpoint.file.D"
2018-01-16 14:21:56,175 [main] INFO  org.mule.module.management.agent.AbstractJmxAgent - Registered Endpoint Service with name: Mule.filepoll:type=Endpoint,service="filepollFlow",connector=connector.file.mule.default,name="endpoint.file.D"
2018-01-16 14:21:56,176 [main] INFO  org.mule.module.management.agent.AbstractJmxAgent - Registered Connector Service with name Mule.filepoll:type=Connector,name="connector.file.mule.default"
2018-01-16 14:21:56,180 [main] INFO  org.mule.DefaultMuleContext - 
**********************************************************************
* Application: filepoll                                              *
* OS encoding: \, Mule encoding: UTF-8                               *
*                                                                    *
* Agents Running:                                                    *
*   Batch module default engine                                      *
*   JMX Agent                                                        *
*   DevKit Extension Information                                     *
*   Wrapper Manager                                                  *
**********************************************************************
2018-01-16 14:21:57,176 [[filepoll].connector.file.mule.default.receiver.01] INFO  org.mule.transport.file.FileMessageReceiver - Lock obtained on file: D:\New Text Document.txt
2018-01-16 14:21:57,241 [[filepoll].filepollFlow.stage1.02] INFO  org.mule.api.processor.LoggerMessageProcessor - 
org.mule.DefaultMuleMessage
{
  id=82117820-fa9a-11e7-b1e1-98eecb1e3fce
  payload=org.mule.transport.file.ReceiverFileInputStream
  correlationId=<not set>
  correlationGroup=-1
  correlationSeq=-1
  encoding=UTF-8
  exceptionPayload=<not set>

Message properties:
  INVOCATION scoped properties:
    moveToDirectory=D:/
    moveToPattern=#[message.inboundProperties.originalFileName].vidit
    originalDirectory=D:\
    originalFilename=New Text Document.txt
  INBOUND scoped properties:
    MULE_ORIGINATING_ENDPOINT=endpoint.file.D
    directory=D:\
    fileSize=314
    originalDirectory=D:\
    originalFilename=New Text Document.txt
    timestamp=1515758366730
  OUTBOUND scoped properties:
    filename=New Text Document.txt
  SESSION scoped properties:
}
2018-01-16 14:21:57,262 [[filepoll].connector.file.mule.default.dispatcher.01] INFO  org.mule.lifecycle.AbstractLifecycleManager - Initialising: 'connector.file.mule.default.dispatcher.177925754'. Object is: FileMessageDispatcher
2018-01-16 14:21:57,262 [[filepoll].connector.file.mule.default.dispatcher.01] INFO  org.mule.lifecycle.AbstractLifecycleManager - Starting: 'connector.file.mule.default.dispatcher.177925754'. Object is: FileMessageDispatcher
2018-01-16 14:21:57,267 [[filepoll].connector.file.mule.default.dispatcher.01] INFO  org.mule.transport.file.FileConnector - Writing file to: D:\mule\output\New Text Document.txt
2018-01-16 14:39:41,898 [main] INFO  org.mule.module.launcher.application.DefaultMuleApplication - 
++++++++++++++++++++++++++++++++++++++++++++++++++++++++++++
+ Initializing app 'filepoll'                              +
++++++++++++++++++++++++++++++++++++++++++++++++++++++++++++
2018-01-16 14:39:42,051 [main] INFO  org.mule.lifecycle.AbstractLifecycleManager - Initialising RegistryBroker
2018-01-16 14:39:42,133 [main] INFO  org.mule.module.extension.internal.manager.DefaultExtensionManager - Starting discovery of extensions
2018-01-16 14:39:42,219 [main] INFO  org.mule.module.extension.internal.manager.DefaultExtensionManager - Discovered 1 extensions
2018-01-16 14:39:42,220 [main] INFO  org.mule.module.extension.internal.manager.DefaultExtensionManager - Registering extension validation (version 3.8)
2018-01-16 14:39:42,265 [main] INFO  org.mule.config.spring.MuleArtifactContext - Refreshing org.mule.config.spring.MuleArtifactContext@1ac85b0c: startup date [Tue Jan 16 14:39:42 IST 2018]; root of context hierarchy
2018-01-16 14:39:43,364 [main] INFO  org.mule.config.spring.processors.NoDevkitInjectorProcessor - JSR-330 'javax.inject.Inject' annotation found and supported for autowiring
2018-01-16 14:39:44,113 [main] WARN  org.mule.module.ognl.expression.OgnlExpressionEvaluator - OGNL module is deprecated and will be removed in Mule 4.0. Use MEL expressions instead.
2018-01-16 14:39:44,300 [main] INFO  org.mule.util.journal.TransactionJournal - Using files for tx logs C:\Users\EAI\AnypointStudio\workspace\.mule\.\.mule\filepoll\queue-tx-log\tx1.log and C:\Users\EAI\AnypointStudio\workspace\.mule\.\.mule\filepoll\queue-tx-log\tx2.log
2018-01-16 14:39:44,315 [main] INFO  org.mule.util.journal.TransactionJournal - Using files for tx logs C:\Users\EAI\AnypointStudio\workspace\.mule\.\.mule\filepoll\queue-xa-tx-log\tx1.log and C:\Users\EAI\AnypointStudio\workspace\.mule\.\.mule\filepoll\queue-xa-tx-log\tx2.log
2018-01-16 14:39:44,321 [main] INFO  org.mule.lifecycle.AbstractLifecycleManager - Initialising connector: connector.file.mule.default
2018-01-16 14:39:44,421 [main] INFO  org.mule.lifecycle.AbstractLifecycleManager - Initialising model: _muleSystemModel
2018-01-16 14:39:44,425 [main] INFO  org.mule.construct.FlowConstructLifecycleManager - Initialising flow: filepollFlow
2018-01-16 14:39:44,425 [main] INFO  org.mule.exception.DefaultMessagingExceptionStrategy - Initialising exception listener: org.mule.exception.DefaultMessagingExceptionStrategy@777d191f
2018-01-16 14:39:44,443 [main] INFO  org.mule.processor.SedaStageLifecycleManager - Initialising service: filepollFlow.stage1
2018-01-16 14:39:44,779 [main] INFO  org.mule.config.spring.SpringXmlConfigurationBuilder - Configured Mule using "org.mule.config.spring.SpringXmlConfigurationBuilder" with configuration resource(s): "[ConfigResource{resourceName='C:\Users\EAI\AnypointStudio\workspace\.mule\apps\filepoll\filepoll.xml'}]"
2018-01-16 14:39:44,779 [main] INFO  org.mule.config.builders.AutoConfigurationBuilder - Configured Mule using "org.mule.config.builders.AutoConfigurationBuilder" with configuration resource(s): "[ConfigResource{resourceName='C:\Users\EAI\AnypointStudio\workspace\.mule\apps\filepoll\filepoll.xml'}]"
2018-01-16 14:39:47,814 [main] INFO  org.mule.module.launcher.application.DefaultMuleApplication - 
++++++++++++++++++++++++++++++++++++++++++++++++++++++++++++
+ Starting app 'filepoll'                                  +
++++++++++++++++++++++++++++++++++++++++++++++++++++++++++++
2018-01-16 14:39:47,819 [main] INFO  org.mule.util.queue.QueueXaResourceManager - Starting ResourceManager
2018-01-16 14:39:47,819 [main] INFO  org.mule.util.queue.QueueXaResourceManager - Started ResourceManager
2018-01-16 14:39:47,859 [main] INFO  org.mule.transport.file.FileConnector - Connected: FileConnector
{
  name=connector.file.mule.default
  lifecycle=initialise
  this=4d6ccc97
  numberOfConcurrentTransactedReceivers=4
  createMultipleTransactedReceivers=true
  connected=true
  supportedProtocols=[file]
  serviceOverrides=<none>
}

2018-01-16 14:39:47,859 [main] INFO  org.mule.transport.file.FileConnector - Starting: FileConnector
{
  name=connector.file.mule.default
  lifecycle=initialise
  this=4d6ccc97
  numberOfConcurrentTransactedReceivers=4
  createMultipleTransactedReceivers=true
  connected=true
  supportedProtocols=[file]
  serviceOverrides=<none>
}

2018-01-16 14:39:48,085 [main] INFO  org.mule.lifecycle.AbstractLifecycleManager - Starting connector: connector.file.mule.default
2018-01-16 14:39:48,087 [main] INFO  org.mule.modules.oauth2.provider.agents.DefaultSplashScreenAgent - 
++++++++++++++++++++++++++++++++++++++++++++++++++++++++++++++++++++++++++++++++
+ DevKit Extensions (0) used in this application 
                             +
++++++++++++++++++++++++++++++++++++++++++++++++++++++++++++++++++++++++++++++++
2018-01-16 14:39:48,089 [main] INFO  org.mule.lifecycle.AbstractLifecycleManager - Starting model: _muleSystemModel
2018-01-16 14:39:48,090 [main] INFO  org.mule.construct.FlowConstructLifecycleManager - Starting flow: filepollFlow
2018-01-16 14:39:48,091 [main] INFO  org.mule.processor.SedaStageLifecycleManager - Starting service: filepollFlow.stage1
2018-01-16 14:39:48,120 [main] INFO  org.mule.transport.file.FileConnector - Registering listener: filepollFlow on endpointUri: file://D:
2018-01-16 14:39:48,137 [main] INFO  org.mule.lifecycle.AbstractLifecycleManager - Initialising: 'null'. Object is: FileMessageReceiver
2018-01-16 14:39:48,142 [main] INFO  org.mule.transport.file.FileMessageReceiver - Connecting clusterizable message receiver
2018-01-16 14:39:48,142 [main] INFO  org.mule.lifecycle.AbstractLifecycleManager - Starting: 'null'. Object is: FileMessageReceiver
2018-01-16 14:39:48,142 [main] INFO  org.mule.transport.file.FileMessageReceiver - Starting clusterizable message receiver
2018-01-16 14:39:48,148 [main] INFO  org.mule.module.management.agent.WrapperManagerAgent - This JVM hasn't been launched by the wrapper, the agent will not run.
2018-01-16 14:39:48,164 [main] INFO  org.mule.module.management.agent.AbstractJmxAgent - Attempting to register service with name: Mule.filepoll:type=Endpoint,service="filepollFlow",connector=connector.file.mule.default,name="endpoint.file.D"
2018-01-16 14:39:48,164 [main] INFO  org.mule.module.management.agent.AbstractJmxAgent - Registered Endpoint Service with name: Mule.filepoll:type=Endpoint,service="filepollFlow",connector=connector.file.mule.default,name="endpoint.file.D"
2018-01-16 14:39:48,165 [main] INFO  org.mule.module.management.agent.AbstractJmxAgent - Registered Connector Service with name Mule.filepoll:type=Connector,name="connector.file.mule.default"
2018-01-16 14:39:48,168 [main] INFO  org.mule.DefaultMuleContext - 
**********************************************************************
* Application: filepoll                                              *
* OS encoding: \, Mule encoding: UTF-8                               *
*                                                                    *
* Agents Running:                                                    *
*   Batch module default engine                                      *
*   JMX Agent                                                        *
*   DevKit Extension Information                                     *
*   Wrapper Manager                                                  *
**********************************************************************
2018-01-16 14:40:43,203 [[filepoll].connector.file.mule.default.receiver.01] INFO  org.mule.transport.file.FileMessageReceiver - Lock obtained on file: D:\New Text Document (2).txt
2018-01-16 14:40:43,284 [[filepoll].filepollFlow.stage1.02] INFO  org.mule.api.processor.LoggerMessageProcessor - 
org.mule.DefaultMuleMessage
{
  id=213e4cf0-fa9d-11e7-99f0-98eecb1e3fce
  payload=org.mule.transport.file.ReceiverFileInputStream
  correlationId=<not set>
  correlationGroup=-1
  correlationSeq=-1
  encoding=UTF-8
  exceptionPayload=<not set>

Message properties:
  INVOCATION scoped properties:
    moveToDirectory=D:/mule/backup
    moveToPattern=#[message.inboundProperties.originalFileName].vidit
    originalDirectory=D:\
    originalFilename=New Text Document (2).txt
  INBOUND scoped properties:
    MULE_ORIGINATING_ENDPOINT=endpoint.file.D
    directory=D:\
    fileSize=10
    originalDirectory=D:\
    originalFilename=New Text Document (2).txt
    timestamp=1516093842979
  OUTBOUND scoped properties:
    filename=New Text Document (2).txt
  SESSION scoped properties:
}
2018-01-16 14:40:43,302 [[filepoll].connector.file.mule.default.dispatcher.01] INFO  org.mule.lifecycle.AbstractLifecycleManager - Initialising: 'connector.file.mule.default.dispatcher.557546617'. Object is: FileMessageDispatcher
2018-01-16 14:40:43,302 [[filepoll].connector.file.mule.default.dispatcher.01] INFO  org.mule.lifecycle.AbstractLifecycleManager - Starting: 'connector.file.mule.default.dispatcher.557546617'. Object is: FileMessageDispatcher
2018-01-16 14:40:43,325 [[filepoll].connector.file.mule.default.dispatcher.01] INFO  org.mule.transport.file.FileConnector - Writing file to: D:\mule\output\New Text Document (2).txt
2018-01-16 14:43:57,358 [[filepoll].connector.file.mule.default.receiver.01] INFO  org.mule.transport.file.FileMessageReceiver - Lock obtained on file: D:\FoodItems.txt
2018-01-16 14:43:57,367 [[filepoll].filepollFlow.stage1.03] INFO  org.mule.api.processor.LoggerMessageProcessor - 
org.mule.DefaultMuleMessage
{
  id=94ef7520-fa9d-11e7-99f0-98eecb1e3fce
  payload=org.mule.transport.file.ReceiverFileInputStream
  correlationId=<not set>
  correlationGroup=-1
  correlationSeq=-1
  encoding=UTF-8
  exceptionPayload=<not set>

Message properties:
  INVOCATION scoped properties:
    moveToDirectory=D:/mule/backup
    moveToPattern=#[message.inboundProperties.originalFileName].vidit
    originalDirectory=D:\
    originalFilename=FoodItems.txt
  INBOUND scoped properties:
    MULE_ORIGINATING_ENDPOINT=endpoint.file.D
    directory=D:\
    fileSize=921
    originalDirectory=D:\
    originalFilename=FoodItems.txt
    timestamp=1516094036957
  OUTBOUND scoped properties:
    filename=FoodItems.txt
  SESSION scoped properties:
}
2018-01-16 14:43:57,377 [[filepoll].connector.file.mule.default.dispatcher.01] INFO  org.mule.transport.file.FileConnector - Writing file to: D:\mule\output\FoodItems.txt
2018-01-16 14:44:31,009 [main] INFO  org.mule.module.launcher.application.DefaultMuleApplication - 
++++++++++++++++++++++++++++++++++++++++++++++++++++++++++++
+ Initializing app 'filepoll'                              +
++++++++++++++++++++++++++++++++++++++++++++++++++++++++++++
2018-01-16 14:44:31,187 [main] INFO  org.mule.lifecycle.AbstractLifecycleManager - Initialising RegistryBroker
2018-01-16 14:44:31,274 [main] INFO  org.mule.module.extension.internal.manager.DefaultExtensionManager - Starting discovery of extensions
2018-01-16 14:44:31,365 [main] INFO  org.mule.module.extension.internal.manager.DefaultExtensionManager - Discovered 1 extensions
2018-01-16 14:44:31,365 [main] INFO  org.mule.module.extension.internal.manager.DefaultExtensionManager - Registering extension validation (version 3.8)
2018-01-16 14:44:31,410 [main] INFO  org.mule.config.spring.MuleArtifactContext - Refreshing org.mule.config.spring.MuleArtifactContext@1ac85b0c: startup date [Tue Jan 16 14:44:31 IST 2018]; root of context hierarchy
2018-01-16 14:44:32,499 [main] INFO  org.mule.config.spring.processors.NoDevkitInjectorProcessor - JSR-330 'javax.inject.Inject' annotation found and supported for autowiring
2018-01-16 14:44:33,223 [main] WARN  org.mule.module.ognl.expression.OgnlExpressionEvaluator - OGNL module is deprecated and will be removed in Mule 4.0. Use MEL expressions instead.
2018-01-16 14:44:33,431 [main] INFO  org.mule.util.journal.TransactionJournal - Using files for tx logs C:\Users\EAI\AnypointStudio\workspace\.mule\.\.mule\filepoll\queue-tx-log\tx1.log and C:\Users\EAI\AnypointStudio\workspace\.mule\.\.mule\filepoll\queue-tx-log\tx2.log
2018-01-16 14:44:33,443 [main] INFO  org.mule.util.journal.TransactionJournal - Using files for tx logs C:\Users\EAI\AnypointStudio\workspace\.mule\.\.mule\filepoll\queue-xa-tx-log\tx1.log and C:\Users\EAI\AnypointStudio\workspace\.mule\.\.mule\filepoll\queue-xa-tx-log\tx2.log
2018-01-16 14:44:33,449 [main] INFO  org.mule.lifecycle.AbstractLifecycleManager - Initialising connector: connector.file.mule.default
2018-01-16 14:44:33,553 [main] INFO  org.mule.lifecycle.AbstractLifecycleManager - Initialising model: _muleSystemModel
2018-01-16 14:44:33,557 [main] INFO  org.mule.construct.FlowConstructLifecycleManager - Initialising flow: filepollFlow
2018-01-16 14:44:33,557 [main] INFO  org.mule.exception.DefaultMessagingExceptionStrategy - Initialising exception listener: org.mule.exception.DefaultMessagingExceptionStrategy@3b7eac14
2018-01-16 14:44:33,578 [main] INFO  org.mule.processor.SedaStageLifecycleManager - Initialising service: filepollFlow.stage1
2018-01-16 14:44:33,902 [main] INFO  org.mule.config.spring.SpringXmlConfigurationBuilder - Configured Mule using "org.mule.config.spring.SpringXmlConfigurationBuilder" with configuration resource(s): "[ConfigResource{resourceName='C:\Users\EAI\AnypointStudio\workspace\.mule\apps\filepoll\filepoll.xml'}]"
2018-01-16 14:44:33,902 [main] INFO  org.mule.config.builders.AutoConfigurationBuilder - Configured Mule using "org.mule.config.builders.AutoConfigurationBuilder" with configuration resource(s): "[ConfigResource{resourceName='C:\Users\EAI\AnypointStudio\workspace\.mule\apps\filepoll\filepoll.xml'}]"
2018-01-16 14:44:36,932 [main] INFO  org.mule.module.launcher.application.DefaultMuleApplication - 
++++++++++++++++++++++++++++++++++++++++++++++++++++++++++++
+ Starting app 'filepoll'                                  +
++++++++++++++++++++++++++++++++++++++++++++++++++++++++++++
2018-01-16 14:44:36,934 [main] INFO  org.mule.util.queue.QueueXaResourceManager - Starting ResourceManager
2018-01-16 14:44:36,934 [main] INFO  org.mule.util.queue.QueueXaResourceManager - Started ResourceManager
2018-01-16 14:44:37,215 [main] INFO  org.mule.transport.file.FileConnector - Connected: FileConnector
{
  name=connector.file.mule.default
  lifecycle=initialise
  this=7301eebe
  numberOfConcurrentTransactedReceivers=4
  createMultipleTransactedReceivers=true
  connected=true
  supportedProtocols=[file]
  serviceOverrides=<none>
}

2018-01-16 14:44:37,215 [main] INFO  org.mule.transport.file.FileConnector - Starting: FileConnector
{
  name=connector.file.mule.default
  lifecycle=initialise
  this=7301eebe
  numberOfConcurrentTransactedReceivers=4
  createMultipleTransactedReceivers=true
  connected=true
  supportedProtocols=[file]
  serviceOverrides=<none>
}

2018-01-16 14:44:37,216 [main] INFO  org.mule.lifecycle.AbstractLifecycleManager - Starting connector: connector.file.mule.default
2018-01-16 14:44:37,218 [main] INFO  org.mule.modules.oauth2.provider.agents.DefaultSplashScreenAgent - 
++++++++++++++++++++++++++++++++++++++++++++++++++++++++++++++++++++++++++++++++
+ DevKit Extensions (0) used in this application 
                             +
++++++++++++++++++++++++++++++++++++++++++++++++++++++++++++++++++++++++++++++++
2018-01-16 14:44:37,220 [main] INFO  org.mule.lifecycle.AbstractLifecycleManager - Starting model: _muleSystemModel
2018-01-16 14:44:37,221 [main] INFO  org.mule.construct.FlowConstructLifecycleManager - Starting flow: filepollFlow
2018-01-16 14:44:37,222 [main] INFO  org.mule.processor.SedaStageLifecycleManager - Starting service: filepollFlow.stage1
2018-01-16 14:44:37,253 [main] INFO  org.mule.transport.file.FileConnector - Registering listener: filepollFlow on endpointUri: file://D:
2018-01-16 14:44:37,275 [main] INFO  org.mule.lifecycle.AbstractLifecycleManager - Initialising: 'null'. Object is: FileMessageReceiver
2018-01-16 14:44:37,278 [main] INFO  org.mule.transport.file.FileMessageReceiver - Connecting clusterizable message receiver
2018-01-16 14:44:37,279 [main] INFO  org.mule.lifecycle.AbstractLifecycleManager - Starting: 'null'. Object is: FileMessageReceiver
2018-01-16 14:44:37,279 [main] INFO  org.mule.transport.file.FileMessageReceiver - Starting clusterizable message receiver
2018-01-16 14:44:37,285 [main] INFO  org.mule.module.management.agent.WrapperManagerAgent - This JVM hasn't been launched by the wrapper, the agent will not run.
2018-01-16 14:44:37,300 [main] INFO  org.mule.module.management.agent.AbstractJmxAgent - Attempting to register service with name: Mule.filepoll:type=Endpoint,service="filepollFlow",connector=connector.file.mule.default,name="endpoint.file.D"
2018-01-16 14:44:37,301 [main] INFO  org.mule.module.management.agent.AbstractJmxAgent - Registered Endpoint Service with name: Mule.filepoll:type=Endpoint,service="filepollFlow",connector=connector.file.mule.default,name="endpoint.file.D"
2018-01-16 14:44:37,301 [main] INFO  org.mule.module.management.agent.AbstractJmxAgent - Registered Connector Service with name Mule.filepoll:type=Connector,name="connector.file.mule.default"
2018-01-16 14:44:37,304 [main] INFO  org.mule.DefaultMuleContext - 
**********************************************************************
* Application: filepoll                                              *
* OS encoding: \, Mule encoding: UTF-8                               *
*                                                                    *
* Agents Running:                                                    *
*   Batch module default engine                                      *
*   JMX Agent                                                        *
*   DevKit Extension Information                                     *
*   Wrapper Manager                                                  *
**********************************************************************
2018-01-16 14:44:47,301 [[filepoll].connector.file.mule.default.receiver.01] INFO  org.mule.transport.file.FileMessageReceiver - Lock obtained on file: D:\FoodItems.txt
2018-01-16 14:44:47,386 [[filepoll].filepollFlow.stage1.02] INFO  org.mule.api.processor.LoggerMessageProcessor - 
org.mule.DefaultMuleMessage
{
  id=b2bcb310-fa9d-11e7-9105-98eecb1e3fce
  payload=org.mule.transport.file.ReceiverFileInputStream
  correlationId=<not set>
  correlationGroup=-1
  correlationSeq=-1
  encoding=UTF-8
  exceptionPayload=<not set>

Message properties:
  INVOCATION scoped properties:
    moveToDirectory=D:/mule/backup
    moveToPattern=#[message.inboundProperties.originalFileName].json
    originalDirectory=D:\
    originalFilename=FoodItems.txt
  INBOUND scoped properties:
    MULE_ORIGINATING_ENDPOINT=endpoint.file.D
    directory=D:\
    fileSize=921
    originalDirectory=D:\
    originalFilename=FoodItems.txt
    timestamp=1516094037384
  OUTBOUND scoped properties:
    filename=FoodItems.txt
  SESSION scoped properties:
}
2018-01-16 14:44:47,409 [[filepoll].connector.file.mule.default.dispatcher.01] INFO  org.mule.lifecycle.AbstractLifecycleManager - Initialising: 'connector.file.mule.default.dispatcher.1876842474'. Object is: FileMessageDispatcher
2018-01-16 14:44:47,409 [[filepoll].connector.file.mule.default.dispatcher.01] INFO  org.mule.lifecycle.AbstractLifecycleManager - Starting: 'connector.file.mule.default.dispatcher.1876842474'. Object is: FileMessageDispatcher
2018-01-16 14:44:47,431 [[filepoll].connector.file.mule.default.dispatcher.01] INFO  org.mule.transport.file.FileConnector - Writing file to: D:\mule\output\.json
2018-01-16 14:51:32,797 [Mule.app.deployer.monitor.1.thread.1] INFO  org.mule.module.launcher.application.DefaultMuleApplication - 
++++++++++++++++++++++++++++++++++++++++++++++++++++++++++++
+ Stopping app 'filepoll'                                  +
++++++++++++++++++++++++++++++++++++++++++++++++++++++++++++
2018-01-16 14:51:32,801 [Mule.app.deployer.monitor.1.thread.1] INFO  org.mule.construct.FlowConstructLifecycleManager - Stopping flow: filepollFlow
2018-01-16 14:51:32,801 [Mule.app.deployer.monitor.1.thread.1] INFO  org.mule.transport.file.FileConnector - Removing listener on endpointUri: file://D:
2018-01-16 14:51:32,803 [Mule.app.deployer.monitor.1.thread.1] INFO  org.mule.lifecycle.AbstractLifecycleManager - Stopping: 'null'. Object is: FileMessageReceiver
2018-01-16 14:51:32,805 [Mule.app.deployer.monitor.1.thread.1] INFO  org.mule.lifecycle.AbstractLifecycleManager - Disposing: 'null'. Object is: FileMessageReceiver
2018-01-16 14:51:32,807 [Mule.app.deployer.monitor.1.thread.1] INFO  org.mule.processor.SedaStageLifecycleManager - Stopping service: filepollFlow.stage1
2018-01-16 14:51:32,931 [Mule.app.deployer.monitor.1.thread.1] INFO  org.mule.lifecycle.AbstractLifecycleManager - Stopping model: _muleSystemModel
2018-01-16 14:51:32,938 [Mule.app.deployer.monitor.1.thread.1] INFO  org.mule.lifecycle.AbstractLifecycleManager - Stopping connector: connector.file.mule.default
2018-01-16 14:51:32,947 [Mule.app.deployer.monitor.1.thread.1] INFO  org.mule.lifecycle.AbstractLifecycleManager - Stopping: 'connector.file.mule.default.dispatcher.1876842474'. Object is: FileMessageDispatcher
2018-01-16 14:51:32,947 [Mule.app.deployer.monitor.1.thread.1] INFO  org.mule.lifecycle.AbstractLifecycleManager - Disposing: 'connector.file.mule.default.dispatcher.1876842474'. Object is: FileMessageDispatcher
2018-01-16 14:51:32,952 [Mule.app.deployer.monitor.1.thread.1] INFO  org.mule.util.queue.QueueXaResourceManager - Stopping ResourceManager
2018-01-16 14:51:32,952 [Mule.app.deployer.monitor.1.thread.1] INFO  org.mule.util.queue.QueueXaResourceManager - Stopped ResourceManager
2018-01-16 14:51:32,963 [Mule.app.deployer.monitor.1.thread.1] INFO  org.mule.module.launcher.application.DefaultMuleApplication - 
++++++++++++++++++++++++++++++++++++++++++++++++++++++++++++
+ Disposing app 'filepoll'                                 +
++++++++++++++++++++++++++++++++++++++++++++++++++++++++++++
2018-01-16 14:51:32,964 [Mule.app.deployer.monitor.1.thread.1] INFO  org.mule.lifecycle.AbstractLifecycleManager - Disposing RegistryBroker
2018-01-16 14:51:32,967 [Mule.app.deployer.monitor.1.thread.1] INFO  org.mule.construct.FlowConstructLifecycleManager - Disposing flow: filepollFlow
2018-01-16 14:51:32,968 [Mule.app.deployer.monitor.1.thread.1] INFO  org.mule.processor.SedaStageLifecycleManager - Disposing service: filepollFlow.stage1
2018-01-16 14:51:32,971 [Mule.app.deployer.monitor.1.thread.1] INFO  org.mule.lifecycle.AbstractLifecycleManager - Disposing model: _muleSystemModel
2018-01-16 14:51:32,978 [Mule.app.deployer.monitor.1.thread.1] INFO  org.mule.transport.file.FileConnector - Disconnected: FileConnector
{
  name=connector.file.mule.default
  lifecycle=stop
  this=7301eebe
  numberOfConcurrentTransactedReceivers=4
  createMultipleTransactedReceivers=true
  connected=true
  supportedProtocols=[file]
  serviceOverrides=<none>
}

2018-01-16 14:51:32,979 [Mule.app.deployer.monitor.1.thread.1] INFO  org.mule.lifecycle.AbstractLifecycleManager - Disposing connector: connector.file.mule.default
2018-01-16 14:51:33,111 [Mule.app.deployer.monitor.1.thread.1] INFO  org.mule.config.spring.MuleArtifactContext - Closing org.mule.config.spring.MuleArtifactContext@1ac85b0c: startup date [Tue Jan 16 14:44:31 IST 2018]; root of context hierarchy
2018-01-16 14:51:33,268 [Mule.app.deployer.monitor.1.thread.1] INFO  org.mule.DefaultMuleContext - 
**********************************************************************
* Application "filepoll" shut down normally on: 1/16/18 2:51 PM      *
* Up for: 0 days, 0 hours, 6 mins, 56.330 sec                        *
**********************************************************************
2018-01-16 14:51:33,404 [Mule.app.deployer.monitor.1.thread.1] INFO  org.mule.module.launcher.application.DefaultMuleApplication - 
++++++++++++++++++++++++++++++++++++++++++++++++++++++++++++
+ Initializing app 'filepoll'                              +
++++++++++++++++++++++++++++++++++++++++++++++++++++++++++++
2018-01-16 14:51:33,409 [Mule.app.deployer.monitor.1.thread.1] WARN  com.mulesoft.module.client.APIPlatformClientCoreExtension - Client ID or Client Secret were not provided. API Manager client is DISABLED for app filepoll
2018-01-16 14:51:33,411 [Mule.app.deployer.monitor.1.thread.1] INFO  org.mule.lifecycle.AbstractLifecycleManager - Initialising RegistryBroker
2018-01-16 14:51:33,416 [Mule.app.deployer.monitor.1.thread.1] INFO  org.mule.module.extension.internal.manager.DefaultExtensionManager - Starting discovery of extensions
2018-01-16 14:51:33,427 [Mule.app.deployer.monitor.1.thread.1] INFO  org.mule.module.extension.internal.manager.DefaultExtensionManager - Discovered 1 extensions
2018-01-16 14:51:33,427 [Mule.app.deployer.monitor.1.thread.1] INFO  org.mule.module.extension.internal.manager.DefaultExtensionManager - Registering extension validation (version 3.8)
2018-01-16 14:51:33,432 [Mule.app.deployer.monitor.1.thread.1] INFO  org.mule.config.spring.MuleArtifactContext - Refreshing org.mule.config.spring.MuleArtifactContext@5b98fdd5: startup date [Tue Jan 16 14:51:33 IST 2018]; root of context hierarchy
2018-01-16 14:51:33,616 [Mule.app.deployer.monitor.1.thread.1] INFO  org.mule.lifecycle.AbstractLifecycleManager - Disposing RegistryBroker
2018-01-16 14:51:33,818 [Mule.app.deployer.monitor.1.thread.1] ERROR org.mule.module.launcher.application.DefaultMuleApplication - null
org.xml.sax.SAXParseException: cvc-complex-type.2.4.b: The content of element 'poll' is not complete. One of '{"http://www.mulesoft.org/schema/mule/core":annotations, "http://www.mulesoft.org/schema/mule/core":abstract-scheduler, "http://www.mulesoft.org/schema/mule/core":abstract-poll-override, "http://www.mulesoft.org/schema/mule/core":abstract-message-processor, "http://www.mulesoft.org/schema/mule/core":abstract-outbound-endpoint, "http://www.mulesoft.org/schema/mule/core":abstract-mixed-content-message-processor}' is expected.
	at org.apache.xerces.util.ErrorHandlerWrapper.createSAXParseException(Unknown Source) ~[?:?]
	at org.apache.xerces.util.ErrorHandlerWrapper.error(Unknown Source) ~[?:?]
	at org.apache.xerces.impl.XMLErrorReporter.reportError(Unknown Source) ~[?:?]
	at org.apache.xerces.impl.XMLErrorReporter.reportError(Unknown Source) ~[?:?]
	at org.apache.xerces.impl.XMLErrorReporter.reportError(Unknown Source) ~[?:?]
	at org.apache.xerces.impl.xs.XMLSchemaValidator$XSIErrorReporter.reportError(Unknown Source) ~[?:?]
	at org.apache.xerces.impl.xs.XMLSchemaValidator.reportSchemaError(Unknown Source) ~[?:?]
	at org.apache.xerces.impl.xs.XMLSchemaValidator.elementLocallyValidComplexType(Unknown Source) ~[?:?]
	at org.apache.xerces.impl.xs.XMLSchemaValidator.elementLocallyValidType(Unknown Source) ~[?:?]
	at org.apache.xerces.impl.xs.XMLSchemaValidator.processElementContent(Unknown Source) ~[?:?]
	at org.apache.xerces.impl.xs.XMLSchemaValidator.handleEndElement(Unknown Source) ~[?:?]
	at org.apache.xerces.impl.xs.XMLSchemaValidator.emptyElement(Unknown Source) ~[?:?]
	at org.apache.xerces.impl.XMLNSDocumentScannerImpl.scanStartElement(Unknown Source) ~[?:?]
	at org.apache.xerces.impl.XMLDocumentFragmentScannerImpl$FragmentContentDispatcher.dispatch(Unknown Source) ~[?:?]
	at org.apache.xerces.impl.XMLDocumentFragmentScannerImpl.scanDocument(Unknown Source) ~[?:?]
	at org.apache.xerces.parsers.XML11Configuration.parse(Unknown Source) ~[?:?]
	at org.apache.xerces.parsers.XML11Configuration.parse(Unknown Source) ~[?:?]
	at org.apache.xerces.parsers.XMLParser.parse(Unknown Source) ~[?:?]
	at org.apache.xerces.parsers.DOMParser.parse(Unknown Source) ~[?:?]
	at org.apache.xerces.jaxp.DocumentBuilderImpl.parse(Unknown Source) ~[?:?]
	at org.springframework.beans.factory.xml.DefaultDocumentLoader.loadDocument(DefaultDocumentLoader.java:76) ~[spring-beans-4.1.9.RELEASE.jar:4.1.9.RELEASE]
	at org.mule.config.spring.MuleDocumentLoader.loadDocument(MuleDocumentLoader.java:91) ~[mule-module-spring-config-3.8.5.jar:3.8.5]
	at org.springframework.beans.factory.xml.XmlBeanDefinitionReader.doLoadDocument(XmlBeanDefinitionReader.java:429) ~[spring-beans-4.1.9.RELEASE.jar:4.1.9.RELEASE]
	at org.springframework.beans.factory.xml.XmlBeanDefinitionReader.doLoadBeanDefinitions(XmlBeanDefinitionReader.java:391) ~[spring-beans-4.1.9.RELEASE.jar:4.1.9.RELEASE]
	at org.springframework.beans.factory.xml.XmlBeanDefinitionReader.loadBeanDefinitions(XmlBeanDefinitionReader.java:336) ~[spring-beans-4.1.9.RELEASE.jar:4.1.9.RELEASE]
	at org.springframework.beans.factory.xml.XmlBeanDefinitionReader.loadBeanDefinitions(XmlBeanDefinitionReader.java:304) ~[spring-beans-4.1.9.RELEASE.jar:4.1.9.RELEASE]
	at org.springframework.beans.factory.support.AbstractBeanDefinitionReader.loadBeanDefinitions(AbstractBeanDefinitionReader.java:181) ~[spring-beans-4.1.9.RELEASE.jar:4.1.9.RELEASE]
	at org.mule.config.spring.MuleArtifactContext.loadBeanDefinitions(MuleArtifactContext.java:192) ~[mule-module-spring-config-3.8.5.jar:3.8.5]
	at org.springframework.context.support.AbstractRefreshableApplicationContext.refreshBeanFactory(AbstractRefreshableApplicationContext.java:129) ~[spring-context-4.1.9.RELEASE.jar:4.1.9.RELEASE]
	at org.springframework.context.support.AbstractApplicationContext.obtainFreshBeanFactory(AbstractApplicationContext.java:541) ~[spring-context-4.1.9.RELEASE.jar:4.1.9.RELEASE]
	at org.springframework.context.support.AbstractApplicationContext.refresh(AbstractApplicationContext.java:452) ~[spring-context-4.1.9.RELEASE.jar:4.1.9.RELEASE]
	at org.mule.config.spring.SpringRegistry.doInitialise(SpringRegistry.java:108) ~[mule-module-spring-config-3.8.5.jar:3.8.5]
	at org.mule.registry.AbstractRegistry.initialise(AbstractRegistry.java:104) ~[mule-core-3.8.5.jar:3.8.5]
	at org.mule.config.spring.SpringXmlConfigurationBuilder.createSpringRegistry(SpringXmlConfigurationBuilder.java:177) ~[mule-module-spring-config-3.8.5.jar:3.8.5]
	at org.mule.config.spring.SpringXmlConfigurationBuilder.doConfigure(SpringXmlConfigurationBuilder.java:100) ~[mule-module-spring-config-3.8.5.jar:3.8.5]
	at org.mule.config.builders.AbstractConfigurationBuilder.configure(AbstractConfigurationBuilder.java:43) ~[mule-core-3.8.5.jar:3.8.5]
	at org.mule.config.builders.AbstractResourceConfigurationBuilder.configure(AbstractResourceConfigurationBuilder.java:69) ~[mule-core-3.8.5.jar:3.8.5]
	at org.mule.config.builders.AutoConfigurationBuilder.autoConfigure(AutoConfigurationBuilder.java:102) ~[mule-core-3.8.5.jar:3.8.5]
	at org.mule.config.builders.AutoConfigurationBuilder.doConfigure(AutoConfigurationBuilder.java:54) ~[mule-core-3.8.5.jar:3.8.5]
	at org.mule.config.builders.AbstractConfigurationBuilder.configure(AbstractConfigurationBuilder.java:43) ~[mule-core-3.8.5.jar:3.8.5]
	at org.mule.config.builders.AbstractResourceConfigurationBuilder.configure(AbstractResourceConfigurationBuilder.java:69) ~[mule-core-3.8.5.jar:3.8.5]
	at org.mule.context.DefaultMuleContextFactory$1.configure(DefaultMuleContextFactory.java:89) ~[mule-core-3.8.5.jar:3.8.5]
	at org.mule.context.DefaultMuleContextFactory.doCreateMuleContext(DefaultMuleContextFactory.java:222) ~[mule-core-3.8.5.jar:3.8.5]
	at org.mule.context.DefaultMuleContextFactory.createMuleContext(DefaultMuleContextFactory.java:81) ~[mule-core-3.8.5.jar:3.8.5]
	at org.mule.module.launcher.application.DefaultMuleApplication.init(DefaultMuleApplication.java:203) ~[mule-module-launcher-3.8.5.jar:3.8.5]
	at org.mule.module.launcher.artifact.ArtifactWrapper$2.execute(ArtifactWrapper.java:63) ~[mule-module-launcher-3.8.5.jar:3.8.5]
	at org.mule.module.launcher.artifact.ArtifactWrapper.executeWithinArtifactClassLoader(ArtifactWrapper.java:136) ~[mule-module-launcher-3.8.5.jar:3.8.5]
	at org.mule.module.launcher.artifact.ArtifactWrapper.init(ArtifactWrapper.java:58) ~[mule-module-launcher-3.8.5.jar:3.8.5]
	at org.mule.module.launcher.DefaultArtifactDeployer.deploy(DefaultArtifactDeployer.java:25) ~[mule-module-launcher-3.8.5.jar:3.8.5]
	at org.mule.module.launcher.DefaultArchiveDeployer.redeploy(DefaultArchiveDeployer.java:470) ~[mule-module-launcher-3.8.5.jar:3.8.5]
	at org.mule.module.launcher.DeploymentDirectoryWatcher.redeployModifiedArtifacts(DeploymentDirectoryWatcher.java:562) ~[mule-module-launcher-3.8.5.jar:3.8.5]
	at org.mule.module.launcher.DeploymentDirectoryWatcher.redeployModifiedApplications(DeploymentDirectoryWatcher.java:539) ~[mule-module-launcher-3.8.5.jar:3.8.5]
	at org.mule.module.launcher.DeploymentDirectoryWatcher.run(DeploymentDirectoryWatcher.java:352) ~[mule-module-launcher-3.8.5.jar:3.8.5]
	at java.util.concurrent.Executors$RunnableAdapter.call(Executors.java:511) ~[?:1.8.0_102]
	at java.util.concurrent.FutureTask.runAndReset(FutureTask.java:308) ~[?:1.8.0_102]
	at java.util.concurrent.ScheduledThreadPoolExecutor$ScheduledFutureTask.access$301(ScheduledThreadPoolExecutor.java:180) ~[?:1.8.0_102]
	at java.util.concurrent.ScheduledThreadPoolExecutor$ScheduledFutureTask.run(ScheduledThreadPoolExecutor.java:294) ~[?:1.8.0_102]
	at java.util.concurrent.ThreadPoolExecutor.runWorker(ThreadPoolExecutor.java:1142) [?:1.8.0_102]
	at java.util.concurrent.ThreadPoolExecutor$Worker.run(ThreadPoolExecutor.java:617) [?:1.8.0_102]
	at java.lang.Thread.run(Thread.java:745) [?:1.8.0_102]
2018-01-16 14:51:33,818 [Mule.app.deployer.monitor.1.thread.1] INFO  org.mule.module.launcher.application.DefaultMuleApplication - App 'filepoll' never started, nothing to dispose of
