2018-01-08 09:45:01,065 [main] INFO  org.mule.module.launcher.application.DefaultMuleApplication - 
++++++++++++++++++++++++++++++++++++++++++++++++++++++++++++
+ Initializing app 'JavaMessagingService'                  +
++++++++++++++++++++++++++++++++++++++++++++++++++++++++++++
2018-01-08 09:45:01,273 [main] INFO  org.mule.lifecycle.AbstractLifecycleManager - Initialising RegistryBroker
2018-01-08 09:45:01,384 [main] INFO  org.mule.module.extension.internal.manager.DefaultExtensionManager - Starting discovery of extensions
2018-01-08 09:45:01,487 [main] INFO  org.mule.module.extension.internal.manager.DefaultExtensionManager - Discovered 1 extensions
2018-01-08 09:45:01,487 [main] INFO  org.mule.module.extension.internal.manager.DefaultExtensionManager - Registering extension validation (version 3.8)
2018-01-08 09:45:01,553 [main] INFO  org.mule.config.spring.MuleArtifactContext - Refreshing org.mule.config.spring.MuleArtifactContext@3d6300e8: startup date [Mon Jan 08 09:45:01 IST 2018]; root of context hierarchy
2018-01-08 09:45:02,768 [main] INFO  org.mule.config.spring.processors.NoDevkitInjectorProcessor - JSR-330 'javax.inject.Inject' annotation found and supported for autowiring
2018-01-08 09:45:03,603 [main] WARN  org.mule.module.ognl.expression.OgnlExpressionEvaluator - OGNL module is deprecated and will be removed in Mule 4.0. Use MEL expressions instead.
2018-01-08 09:45:04,216 [main] INFO  org.mule.util.journal.TransactionJournal - Using files for tx logs C:\Users\EAI\AnypointStudio\workspace\.mule\.\.mule\JavaMessagingService\queue-tx-log\tx1.log and C:\Users\EAI\AnypointStudio\workspace\.mule\.\.mule\JavaMessagingService\queue-tx-log\tx2.log
2018-01-08 09:45:04,232 [main] INFO  org.mule.util.journal.TransactionJournal - Using files for tx logs C:\Users\EAI\AnypointStudio\workspace\.mule\.\.mule\JavaMessagingService\queue-xa-tx-log\tx1.log and C:\Users\EAI\AnypointStudio\workspace\.mule\.\.mule\JavaMessagingService\queue-xa-tx-log\tx2.log
2018-01-08 09:45:04,239 [main] INFO  org.mule.lifecycle.AbstractLifecycleManager - Initialising connector: Active_MQ
2018-01-08 09:45:04,278 [main] INFO  org.mule.lifecycle.AbstractLifecycleManager - Initialising connector: connector.file.mule.default
2018-01-08 09:45:04,361 [main] INFO  org.mule.lifecycle.AbstractLifecycleManager - Initialising model: _muleSystemModel
2018-01-08 09:45:04,364 [main] INFO  org.mule.construct.FlowConstructLifecycleManager - Initialising flow: JMS-Producer
2018-01-08 09:45:04,364 [main] INFO  org.mule.exception.DefaultMessagingExceptionStrategy - Initialising exception listener: org.mule.exception.DefaultMessagingExceptionStrategy@2b4d4327
2018-01-08 09:45:04,388 [main] INFO  org.mule.processor.SedaStageLifecycleManager - Initialising service: JMS-Producer.stage1
2018-01-08 09:45:04,397 [main] INFO  org.mule.construct.FlowConstructLifecycleManager - Initialising flow: JMS-Consumer
2018-01-08 09:45:04,397 [main] INFO  org.mule.exception.DefaultMessagingExceptionStrategy - Initialising exception listener: org.mule.exception.DefaultMessagingExceptionStrategy@66fb45e5
2018-01-08 09:45:04,400 [main] INFO  org.mule.processor.SedaStageLifecycleManager - Initialising service: JMS-Consumer.stage1
2018-01-08 09:45:04,661 [main] INFO  org.mule.config.spring.SpringXmlConfigurationBuilder - Configured Mule using "org.mule.config.spring.SpringXmlConfigurationBuilder" with configuration resource(s): "[ConfigResource{resourceName='C:\Users\EAI\AnypointStudio\workspace\.mule\apps\JavaMessagingService\javamessagingservice.xml'}]"
2018-01-08 09:45:04,661 [main] INFO  org.mule.config.builders.AutoConfigurationBuilder - Configured Mule using "org.mule.config.builders.AutoConfigurationBuilder" with configuration resource(s): "[ConfigResource{resourceName='C:\Users\EAI\AnypointStudio\workspace\.mule\apps\JavaMessagingService\javamessagingservice.xml'}]"
2018-01-08 09:45:07,693 [main] INFO  org.mule.module.launcher.application.DefaultMuleApplication - 
++++++++++++++++++++++++++++++++++++++++++++++++++++++++++++
+ Starting app 'JavaMessagingService'                      +
++++++++++++++++++++++++++++++++++++++++++++++++++++++++++++
2018-01-08 09:45:07,704 [main] INFO  org.mule.util.queue.QueueXaResourceManager - Starting ResourceManager
2018-01-08 09:45:07,704 [main] INFO  org.mule.util.queue.QueueXaResourceManager - Started ResourceManager
2018-01-08 09:45:07,947 [main] INFO  org.mule.module.http.internal.listener.DefaultHttpListenerConfig - Listening for requests on http://0.0.0.0:8081/message
2018-01-08 09:45:08,212 [main] INFO  org.mule.transport.jms.CustomCachingConnectionFactory - Established shared JMS Connection: ActiveMQConnection {id=ID:G1C2MD24575-63806-1515384908101-1:1,clientId=null,started=false}
2018-01-08 09:45:08,341 [main] INFO  org.mule.transport.jms.activemq.ActiveMQJmsConnector - Connected: ActiveMQJmsConnector
{
  name=Active_MQ
  lifecycle=initialise
  this=3965bdf9
  numberOfConcurrentTransactedReceivers=4
  createMultipleTransactedReceivers=true
  connected=true
  supportedProtocols=[jms]
  serviceOverrides=<none>
}

2018-01-08 09:45:08,341 [main] INFO  org.mule.transport.jms.activemq.ActiveMQJmsConnector - Starting: ActiveMQJmsConnector
{
  name=Active_MQ
  lifecycle=initialise
  this=3965bdf9
  numberOfConcurrentTransactedReceivers=4
  createMultipleTransactedReceivers=true
  connected=true
  supportedProtocols=[jms]
  serviceOverrides=<none>
}

2018-01-08 09:45:08,342 [main] INFO  org.mule.lifecycle.AbstractLifecycleManager - Starting connector: Active_MQ
2018-01-08 09:45:08,343 [main] INFO  org.mule.transport.file.FileConnector - Connected: FileConnector
{
  name=connector.file.mule.default
  lifecycle=initialise
  this=1727e03a
  numberOfConcurrentTransactedReceivers=4
  createMultipleTransactedReceivers=true
  connected=true
  supportedProtocols=[file]
  serviceOverrides=<none>
}

2018-01-08 09:45:08,343 [main] INFO  org.mule.transport.file.FileConnector - Starting: FileConnector
{
  name=connector.file.mule.default
  lifecycle=initialise
  this=1727e03a
  numberOfConcurrentTransactedReceivers=4
  createMultipleTransactedReceivers=true
  connected=true
  supportedProtocols=[file]
  serviceOverrides=<none>
}

2018-01-08 09:45:08,343 [main] INFO  org.mule.lifecycle.AbstractLifecycleManager - Starting connector: connector.file.mule.default
2018-01-08 09:45:08,346 [main] INFO  org.mule.modules.oauth2.provider.agents.DefaultSplashScreenAgent - 
++++++++++++++++++++++++++++++++++++++++++++++++++++++++++++++++++++++++++++++++
+ DevKit Extensions (0) used in this application 
                             +
++++++++++++++++++++++++++++++++++++++++++++++++++++++++++++++++++++++++++++++++
2018-01-08 09:45:08,349 [main] INFO  org.mule.lifecycle.AbstractLifecycleManager - Starting model: _muleSystemModel
2018-01-08 09:45:08,351 [main] INFO  org.mule.construct.FlowConstructLifecycleManager - Starting flow: JMS-Producer
2018-01-08 09:45:08,351 [main] INFO  org.mule.processor.SedaStageLifecycleManager - Starting service: JMS-Producer.stage1
2018-01-08 09:45:08,356 [main] INFO  org.mule.construct.FlowConstructLifecycleManager - Starting flow: JMS-Consumer
2018-01-08 09:45:08,356 [main] INFO  org.mule.processor.SedaStageLifecycleManager - Starting service: JMS-Consumer.stage1
2018-01-08 09:45:08,400 [main] INFO  org.mule.transport.jms.activemq.ActiveMQJmsConnector - Registering listener: JMS-Consumer on endpointUri: jms://muleQueue
2018-01-08 09:45:08,417 [main] INFO  org.mule.transport.service.DefaultTransportServiceDescriptor - Loading default inbound transformer: org.mule.transport.jms.transformers.JMSMessageToObject
2018-01-08 09:45:08,418 [main] INFO  org.mule.transport.service.DefaultTransportServiceDescriptor - Loading default response transformer: org.mule.transport.jms.transformers.ObjectToJMSMessage
2018-01-08 09:45:08,422 [main] INFO  org.mule.lifecycle.AbstractLifecycleManager - Initialising: 'null'. Object is: MultiConsumerJmsMessageReceiver
2018-01-08 09:45:08,424 [main] INFO  org.mule.transport.jms.MultiConsumerJmsMessageReceiver - Connecting clusterizable message receiver
2018-01-08 09:45:08,527 [main] INFO  org.mule.transport.jms.MultiConsumerJmsMessageReceiver - Endpoint jms://muleQueue has been successfully reconnected.
2018-01-08 09:45:08,530 [main] INFO  org.mule.lifecycle.AbstractLifecycleManager - Starting: 'null'. Object is: MultiConsumerJmsMessageReceiver
2018-01-08 09:45:08,530 [main] INFO  org.mule.transport.jms.MultiConsumerJmsMessageReceiver - Starting clusterizable message receiver
2018-01-08 09:45:08,539 [main] INFO  org.mule.module.management.agent.WrapperManagerAgent - This JVM hasn't been launched by the wrapper, the agent will not run.
2018-01-08 09:45:08,560 [main] INFO  org.mule.module.management.agent.AbstractJmxAgent - Attempting to register service with name: Mule.JavaMessagingService:type=Endpoint,service="JMS-Consumer",connector=Active_MQ,name="endpoint.jms.muleQueue"
2018-01-08 09:45:08,560 [main] INFO  org.mule.module.management.agent.AbstractJmxAgent - Registered Endpoint Service with name: Mule.JavaMessagingService:type=Endpoint,service="JMS-Consumer",connector=Active_MQ,name="endpoint.jms.muleQueue"
2018-01-08 09:45:08,562 [main] INFO  org.mule.module.management.agent.AbstractJmxAgent - Registered Connector Service with name Mule.JavaMessagingService:type=Connector,name="connector.file.mule.default"
2018-01-08 09:45:08,562 [main] INFO  org.mule.module.management.agent.AbstractJmxAgent - Registered Connector Service with name Mule.JavaMessagingService:type=Connector,name="Active_MQ"
2018-01-08 09:45:08,565 [main] INFO  org.mule.DefaultMuleContext - 
**********************************************************************
* Application: JavaMessagingService                                  *
* OS encoding: \, Mule encoding: UTF-8                               *
*                                                                    *
* Agents Running:                                                    *
*   DevKit Extension Information                                     *
*   JMX Agent                                                        *
*   Batch module default engine                                      *
*   Wrapper Manager                                                  *
**********************************************************************
2018-01-08 09:46:00,256 [[JavaMessagingService].HTTP_Listener_Configuration.worker.01] INFO  org.mule.transport.service.DefaultTransportServiceDescriptor - Loading default outbound transformer: org.mule.transport.jms.transformers.ObjectToJMSMessage
2018-01-08 09:46:00,256 [[JavaMessagingService].HTTP_Listener_Configuration.worker.01] INFO  org.mule.transport.service.DefaultTransportServiceDescriptor - Loading default response transformer: org.mule.transport.jms.transformers.ObjectToJMSMessage
2018-01-08 09:46:00,256 [[JavaMessagingService].HTTP_Listener_Configuration.worker.01] WARN  com.mulesoft.mule.transport.jms.EeJmsMessageDispatcher - Starting patched JmsMessageReceiver
2018-01-08 09:46:00,257 [[JavaMessagingService].HTTP_Listener_Configuration.worker.01] INFO  org.mule.lifecycle.AbstractLifecycleManager - Initialising: 'Active_MQ.dispatcher.945023207'. Object is: EeJmsMessageDispatcher
2018-01-08 09:46:00,257 [[JavaMessagingService].HTTP_Listener_Configuration.worker.01] INFO  org.mule.lifecycle.AbstractLifecycleManager - Starting: 'Active_MQ.dispatcher.945023207'. Object is: EeJmsMessageDispatcher
2018-01-08 09:46:00,307 [[JavaMessagingService].HTTP_Listener_Configuration.worker.01] INFO  org.mule.api.processor.LoggerMessageProcessor - Sent message is: {
	"message": "Hey vidit!"
}
2018-01-08 09:46:00,327 [[JavaMessagingService].JMS-Consumer.stage1.02] INFO  org.mule.api.processor.LoggerMessageProcessor - Recieved Message is: {
	"message": "Hey vidit!"
}
2018-01-08 09:46:00,332 [[JavaMessagingService].connector.file.mule.default.dispatcher.01] INFO  org.mule.lifecycle.AbstractLifecycleManager - Initialising: 'connector.file.mule.default.dispatcher.1935724139'. Object is: FileMessageDispatcher
2018-01-08 09:46:00,380 [[JavaMessagingService].connector.file.mule.default.dispatcher.01] INFO  org.mule.lifecycle.AbstractLifecycleManager - Starting: 'connector.file.mule.default.dispatcher.1935724139'. Object is: FileMessageDispatcher
2018-01-08 09:46:00,386 [[JavaMessagingService].connector.file.mule.default.dispatcher.01] INFO  org.mule.transport.file.FileConnector - Writing file to: C:\src\main\resources\.txt
2018-01-08 09:49:29,539 [[JavaMessagingService].HTTP_Listener_Configuration.worker.01] INFO  org.mule.api.processor.LoggerMessageProcessor - Sent message is: {
	"message": "Hey vidit!"
}
2018-01-08 09:49:29,550 [[JavaMessagingService].JMS-Consumer.stage1.03] INFO  org.mule.api.processor.LoggerMessageProcessor - Recieved Message is: {
	"message": "Hey vidit!"
}
2018-01-08 09:49:29,556 [[JavaMessagingService].connector.file.mule.default.dispatcher.01] INFO  org.mule.transport.file.FileConnector - Writing file to: C:\src\main\resources\.txt
