2018-01-09 10:19:33,319 [main] INFO  org.mule.module.launcher.application.DefaultMuleApplication - 
++++++++++++++++++++++++++++++++++++++++++++++++++++++++++++
+ Initializing app 'orchard-soap-ws'                       +
++++++++++++++++++++++++++++++++++++++++++++++++++++++++++++
2018-01-09 10:19:33,486 [main] INFO  org.mule.lifecycle.AbstractLifecycleManager - Initialising RegistryBroker
2018-01-09 10:19:33,567 [main] INFO  org.mule.module.extension.internal.manager.DefaultExtensionManager - Starting discovery of extensions
2018-01-09 10:19:33,652 [main] INFO  org.mule.module.extension.internal.manager.DefaultExtensionManager - Discovered 1 extensions
2018-01-09 10:19:33,652 [main] INFO  org.mule.module.extension.internal.manager.DefaultExtensionManager - Registering extension validation (version 3.8)
2018-01-09 10:19:33,702 [main] INFO  org.mule.config.spring.MuleArtifactContext - Refreshing org.mule.config.spring.MuleArtifactContext@9573b3b: startup date [Tue Jan 09 10:19:33 IST 2018]; root of context hierarchy
2018-01-09 10:19:35,253 [main] INFO  org.mule.config.spring.processors.NoDevkitInjectorProcessor - JSR-330 'javax.inject.Inject' annotation found and supported for autowiring
2018-01-09 10:19:36,245 [main] WARN  org.mule.module.ognl.expression.OgnlExpressionEvaluator - OGNL module is deprecated and will be removed in Mule 4.0. Use MEL expressions instead.
2018-01-09 10:19:36,824 [main] INFO  org.mule.util.journal.TransactionJournal - Using files for tx logs C:\Users\EAI\AnypointStudio\workspace\.mule\.\.mule\orchard-soap-ws\queue-tx-log\tx1.log and C:\Users\EAI\AnypointStudio\workspace\.mule\.\.mule\orchard-soap-ws\queue-tx-log\tx2.log
2018-01-09 10:19:36,837 [main] INFO  org.mule.util.journal.TransactionJournal - Using files for tx logs C:\Users\EAI\AnypointStudio\workspace\.mule\.\.mule\orchard-soap-ws\queue-xa-tx-log\tx1.log and C:\Users\EAI\AnypointStudio\workspace\.mule\.\.mule\orchard-soap-ws\queue-xa-tx-log\tx2.log
2018-01-09 10:19:36,899 [main] INFO  org.mule.lifecycle.AbstractLifecycleManager - Initialising model: _muleSystemModel
2018-01-09 10:19:36,903 [main] INFO  org.mule.construct.FlowConstructLifecycleManager - Initialising flow: FootaballSoap-ws
2018-01-09 10:19:36,903 [main] INFO  org.mule.exception.DefaultMessagingExceptionStrategy - Initialising exception listener: org.mule.exception.DefaultMessagingExceptionStrategy@6ecc02bb
2018-01-09 10:19:36,925 [main] INFO  org.mule.processor.SedaStageLifecycleManager - Initialising service: FootaballSoap-ws.stage1
2018-01-09 10:19:36,962 [main] INFO  org.mule.module.cxf.config.WebServiceFactoryBean - Built CXF Inbound MessageProcessor for service class com.football.java.MethodsInterface
2018-01-09 10:19:37,638 [main] INFO  org.mule.component.ComponentLifecycleManager - Initialising component: component.686717934
2018-01-09 10:19:37,826 [main] INFO  org.mule.config.spring.SpringXmlConfigurationBuilder - Configured Mule using "org.mule.config.spring.SpringXmlConfigurationBuilder" with configuration resource(s): "[ConfigResource{resourceName='C:\Users\EAI\AnypointStudio\workspace\.mule\apps\orchard-soap-ws\football-soap-ws.xml'}]"
2018-01-09 10:19:37,826 [main] INFO  org.mule.config.builders.AutoConfigurationBuilder - Configured Mule using "org.mule.config.builders.AutoConfigurationBuilder" with configuration resource(s): "[ConfigResource{resourceName='C:\Users\EAI\AnypointStudio\workspace\.mule\apps\orchard-soap-ws\football-soap-ws.xml'}]"
2018-01-09 10:19:40,878 [main] INFO  org.mule.module.launcher.application.DefaultMuleApplication - 
++++++++++++++++++++++++++++++++++++++++++++++++++++++++++++
+ Starting app 'orchard-soap-ws'                           +
++++++++++++++++++++++++++++++++++++++++++++++++++++++++++++
2018-01-09 10:19:40,883 [main] INFO  org.mule.util.queue.QueueXaResourceManager - Starting ResourceManager
2018-01-09 10:19:40,883 [main] INFO  org.mule.util.queue.QueueXaResourceManager - Started ResourceManager
2018-01-09 10:19:40,947 [main] INFO  org.mule.module.http.internal.listener.DefaultHttpListenerConfig - Listening for requests on http://localhost:7171/soap
2018-01-09 10:19:40,949 [main] INFO  org.mule.modules.oauth2.provider.agents.DefaultSplashScreenAgent - 
++++++++++++++++++++++++++++++++++++++++++++++++++++++++++++++++++++++++++++++++
+ DevKit Extensions (0) used in this application 
                             +
++++++++++++++++++++++++++++++++++++++++++++++++++++++++++++++++++++++++++++++++
2018-01-09 10:19:40,951 [main] INFO  org.mule.lifecycle.AbstractLifecycleManager - Starting model: _muleSystemModel
2018-01-09 10:19:40,952 [main] INFO  org.mule.construct.FlowConstructLifecycleManager - Starting flow: FootaballSoap-ws
2018-01-09 10:19:40,952 [main] INFO  org.mule.processor.SedaStageLifecycleManager - Starting service: FootaballSoap-ws.stage1
2018-01-09 10:19:40,957 [main] INFO  org.mule.component.ComponentLifecycleManager - Starting component: component.686717934
2018-01-09 10:19:40,991 [main] INFO  org.mule.module.management.agent.WrapperManagerAgent - This JVM hasn't been launched by the wrapper, the agent will not run.
2018-01-09 10:19:41,015 [main] INFO  org.mule.DefaultMuleContext - 
**********************************************************************
* Application: orchard-soap-ws                                       *
* OS encoding: \, Mule encoding: UTF-8                               *
*                                                                    *
* Agents Running:                                                    *
*   Batch module default engine                                      *
*   JMX Agent                                                        *
*   DevKit Extension Information                                     *
*   Wrapper Manager                                                  *
**********************************************************************
2018-01-09 10:19:52,357 [[orchard-soap-ws].HTTP_Listener_Configuration.worker.01] ERROR org.apache.cxf.service.invoker.AbstractInvoker - Invocation without a binding operation.
2018-01-09 10:19:52,358 [[orchard-soap-ws].HTTP_Listener_Configuration.worker.01] WARN  org.apache.cxf.phase.PhaseInterceptorChain - Interceptor for {http://java.football.com/}MethodsInterfaceService has thrown exception, unwinding now
org.apache.cxf.interceptor.Fault: No binding operation info while invoking unknown method with params unknown.
	at org.apache.cxf.service.invoker.AbstractInvoker.invoke(AbstractInvoker.java:59) ~[cxf-api-2.7.18.jar:2.7.18]
	at org.apache.cxf.interceptor.ServiceInvokerInterceptor$1.run(ServiceInvokerInterceptor.java:58) ~[cxf-api-2.7.18.jar:2.7.18]
	at java.util.concurrent.Executors$RunnableAdapter.call(Unknown Source) ~[?:1.8.0_102]
	at java.util.concurrent.FutureTask.run(Unknown Source) ~[?:1.8.0_102]
	at org.apache.cxf.workqueue.SynchronousExecutor.execute(SynchronousExecutor.java:37) ~[cxf-api-2.7.18.jar:2.7.18]
	at org.apache.cxf.interceptor.ServiceInvokerInterceptor.handleMessage(ServiceInvokerInterceptor.java:107) ~[cxf-api-2.7.18.jar:2.7.18]
	at org.apache.cxf.phase.PhaseInterceptorChain.doIntercept(PhaseInterceptorChain.java:272) ~[cxf-api-2.7.18.jar:2.7.18]
	at org.apache.cxf.transport.ChainInitiationObserver.onMessage(ChainInitiationObserver.java:121) ~[cxf-api-2.7.18.jar:2.7.18]
	at org.mule.module.cxf.CxfInboundMessageProcessor.sendThroughCxf(CxfInboundMessageProcessor.java:422) ~[mule-module-cxf-3.8.5.jar:3.8.5]
	at org.mule.module.cxf.CxfInboundMessageProcessor.sendToDestination(CxfInboundMessageProcessor.java:296) ~[mule-module-cxf-3.8.5.jar:3.8.5]
	at org.mule.module.cxf.CxfInboundMessageProcessor.process(CxfInboundMessageProcessor.java:161) ~[mule-module-cxf-3.8.5.jar:3.8.5]
	at org.mule.module.cxf.config.FlowConfiguringMessageProcessor.process(FlowConfiguringMessageProcessor.java:49) ~[mule-module-cxf-3.8.5.jar:3.8.5]
	at org.mule.execution.ExceptionToMessagingExceptionExecutionInterceptor.execute(ExceptionToMessagingExceptionExecutionInterceptor.java:27) ~[mule-core-3.8.5.jar:3.8.5]
	at org.mule.execution.MessageProcessorNotificationExecutionInterceptor.execute(MessageProcessorNotificationExecutionInterceptor.java:108) ~[mule-core-3.8.5.jar:3.8.5]
	at org.mule.execution.MessageProcessorExecutionTemplate.execute(MessageProcessorExecutionTemplate.java:44) ~[mule-core-3.8.5.jar:3.8.5]
	at org.mule.processor.BlockingProcessorExecutor.executeNext(BlockingProcessorExecutor.java:98) ~[mule-core-3.8.5.jar:3.8.5]
	at org.mule.processor.BlockingProcessorExecutor.execute(BlockingProcessorExecutor.java:59) ~[mule-core-3.8.5.jar:3.8.5]
	at org.mule.processor.AbstractInterceptingMessageProcessorBase.processNext(AbstractInterceptingMessageProcessorBase.java:98) ~[mule-core-3.8.5.jar:3.8.5]
	at org.mule.processor.AsyncInterceptingMessageProcessor.process(AsyncInterceptingMessageProcessor.java:108) ~[mule-core-3.8.5.jar:3.8.5]
	at org.mule.execution.ExceptionToMessagingExceptionExecutionInterceptor.execute(ExceptionToMessagingExceptionExecutionInterceptor.java:27) ~[mule-core-3.8.5.jar:3.8.5]
	at org.mule.execution.MessageProcessorNotificationExecutionInterceptor.execute(MessageProcessorNotificationExecutionInterceptor.java:108) ~[mule-core-3.8.5.jar:3.8.5]
	at org.mule.execution.MessageProcessorExecutionTemplate.execute(MessageProcessorExecutionTemplate.java:44) ~[mule-core-3.8.5.jar:3.8.5]
	at org.mule.processor.BlockingProcessorExecutor.executeNext(BlockingProcessorExecutor.java:98) ~[mule-core-3.8.5.jar:3.8.5]
	at org.mule.processor.BlockingProcessorExecutor.execute(BlockingProcessorExecutor.java:59) ~[mule-core-3.8.5.jar:3.8.5]
	at org.mule.processor.AbstractInterceptingMessageProcessorBase.processNext(AbstractInterceptingMessageProcessorBase.java:98) ~[mule-core-3.8.5.jar:3.8.5]
	at org.mule.construct.DynamicPipelineMessageProcessor.process(DynamicPipelineMessageProcessor.java:55) ~[mule-core-3.8.5.jar:3.8.5]
	at org.mule.execution.ExceptionToMessagingExceptionExecutionInterceptor.execute(ExceptionToMessagingExceptionExecutionInterceptor.java:27) ~[mule-core-3.8.5.jar:3.8.5]
	at org.mule.execution.MessageProcessorNotificationExecutionInterceptor.execute(MessageProcessorNotificationExecutionInterceptor.java:108) ~[mule-core-3.8.5.jar:3.8.5]
	at org.mule.execution.MessageProcessorExecutionTemplate.execute(MessageProcessorExecutionTemplate.java:44) ~[mule-core-3.8.5.jar:3.8.5]
	at org.mule.processor.BlockingProcessorExecutor.executeNext(BlockingProcessorExecutor.java:88) ~[mule-core-3.8.5.jar:3.8.5]
	at org.mule.processor.BlockingProcessorExecutor.execute(BlockingProcessorExecutor.java:59) ~[mule-core-3.8.5.jar:3.8.5]
	at org.mule.processor.chain.DefaultMessageProcessorChain.doProcess(DefaultMessageProcessorChain.java:80) ~[mule-core-3.8.5.jar:3.8.5]
	at org.mule.processor.chain.AbstractMessageProcessorChain.process(AbstractMessageProcessorChain.java:74) ~[mule-core-3.8.5.jar:3.8.5]
	at org.mule.execution.ExceptionToMessagingExceptionExecutionInterceptor.execute(ExceptionToMessagingExceptionExecutionInterceptor.java:27) ~[mule-core-3.8.5.jar:3.8.5]
	at org.mule.execution.MessageProcessorExecutionTemplate.execute(MessageProcessorExecutionTemplate.java:44) ~[mule-core-3.8.5.jar:3.8.5]
	at org.mule.processor.BlockingProcessorExecutor.executeNext(BlockingProcessorExecutor.java:98) ~[mule-core-3.8.5.jar:3.8.5]
	at org.mule.processor.BlockingProcessorExecutor.execute(BlockingProcessorExecutor.java:59) ~[mule-core-3.8.5.jar:3.8.5]
	at org.mule.processor.AbstractInterceptingMessageProcessorBase.processNext(AbstractInterceptingMessageProcessorBase.java:98) ~[mule-core-3.8.5.jar:3.8.5]
	at org.mule.interceptor.AbstractEnvelopeInterceptor.processBlocking(AbstractEnvelopeInterceptor.java:58) ~[mule-core-3.8.5.jar:3.8.5]
	at org.mule.processor.AbstractRequestResponseMessageProcessor.process(AbstractRequestResponseMessageProcessor.java:47) ~[mule-core-3.8.5.jar:3.8.5]
	at org.mule.execution.ExceptionToMessagingExceptionExecutionInterceptor.execute(ExceptionToMessagingExceptionExecutionInterceptor.java:27) ~[mule-core-3.8.5.jar:3.8.5]
	at org.mule.execution.MessageProcessorNotificationExecutionInterceptor.execute(MessageProcessorNotificationExecutionInterceptor.java:108) ~[mule-core-3.8.5.jar:3.8.5]
	at org.mule.execution.MessageProcessorExecutionTemplate.execute(MessageProcessorExecutionTemplate.java:44) ~[mule-core-3.8.5.jar:3.8.5]
	at org.mule.processor.BlockingProcessorExecutor.executeNext(BlockingProcessorExecutor.java:98) ~[mule-core-3.8.5.jar:3.8.5]
	at org.mule.processor.BlockingProcessorExecutor.execute(BlockingProcessorExecutor.java:59) ~[mule-core-3.8.5.jar:3.8.5]
	at org.mule.processor.AbstractInterceptingMessageProcessorBase.processNext(AbstractInterceptingMessageProcessorBase.java:98) ~[mule-core-3.8.5.jar:3.8.5]
	at org.mule.processor.AbstractFilteringMessageProcessor.process(AbstractFilteringMessageProcessor.java:52) ~[mule-core-3.8.5.jar:3.8.5]
	at org.mule.execution.ExceptionToMessagingExceptionExecutionInterceptor.execute(ExceptionToMessagingExceptionExecutionInterceptor.java:27) ~[mule-core-3.8.5.jar:3.8.5]
	at org.mule.execution.MessageProcessorNotificationExecutionInterceptor.execute(MessageProcessorNotificationExecutionInterceptor.java:108) ~[mule-core-3.8.5.jar:3.8.5]
	at org.mule.execution.MessageProcessorExecutionTemplate.execute(MessageProcessorExecutionTemplate.java:44) ~[mule-core-3.8.5.jar:3.8.5]
	at org.mule.processor.BlockingProcessorExecutor.executeNext(BlockingProcessorExecutor.java:98) ~[mule-core-3.8.5.jar:3.8.5]
	at org.mule.processor.BlockingProcessorExecutor.execute(BlockingProcessorExecutor.java:59) ~[mule-core-3.8.5.jar:3.8.5]
	at org.mule.processor.AbstractInterceptingMessageProcessorBase.processNext(AbstractInterceptingMessageProcessorBase.java:98) ~[mule-core-3.8.5.jar:3.8.5]
	at org.mule.processor.AbstractRequestResponseMessageProcessor.processBlocking(AbstractRequestResponseMessageProcessor.java:56) ~[mule-core-3.8.5.jar:3.8.5]
	at org.mule.processor.AbstractRequestResponseMessageProcessor.process(AbstractRequestResponseMessageProcessor.java:47) ~[mule-core-3.8.5.jar:3.8.5]
	at org.mule.execution.ExceptionToMessagingExceptionExecutionInterceptor.execute(ExceptionToMessagingExceptionExecutionInterceptor.java:27) ~[mule-core-3.8.5.jar:3.8.5]
	at org.mule.execution.MessageProcessorNotificationExecutionInterceptor.execute(MessageProcessorNotificationExecutionInterceptor.java:108) ~[mule-core-3.8.5.jar:3.8.5]
	at org.mule.execution.MessageProcessorExecutionTemplate.execute(MessageProcessorExecutionTemplate.java:44) ~[mule-core-3.8.5.jar:3.8.5]
	at org.mule.processor.BlockingProcessorExecutor.executeNext(BlockingProcessorExecutor.java:88) ~[mule-core-3.8.5.jar:3.8.5]
	at org.mule.processor.BlockingProcessorExecutor.execute(BlockingProcessorExecutor.java:59) ~[mule-core-3.8.5.jar:3.8.5]
	at org.mule.processor.chain.DefaultMessageProcessorChain.doProcess(DefaultMessageProcessorChain.java:80) ~[mule-core-3.8.5.jar:3.8.5]
	at org.mule.processor.chain.AbstractMessageProcessorChain.process(AbstractMessageProcessorChain.java:74) ~[mule-core-3.8.5.jar:3.8.5]
	at org.mule.processor.chain.InterceptingChainLifecycleWrapper.doProcess(InterceptingChainLifecycleWrapper.java:50) ~[mule-core-3.8.5.jar:3.8.5]
	at org.mule.processor.chain.AbstractMessageProcessorChain.process(AbstractMessageProcessorChain.java:74) ~[mule-core-3.8.5.jar:3.8.5]
	at org.mule.processor.chain.InterceptingChainLifecycleWrapper.access$001(InterceptingChainLifecycleWrapper.java:22) ~[mule-core-3.8.5.jar:3.8.5]
	at org.mule.processor.chain.InterceptingChainLifecycleWrapper$1.process(InterceptingChainLifecycleWrapper.java:66) ~[mule-core-3.8.5.jar:3.8.5]
	at org.mule.execution.ExceptionToMessagingExceptionExecutionInterceptor.execute(ExceptionToMessagingExceptionExecutionInterceptor.java:27) ~[mule-core-3.8.5.jar:3.8.5]
	at org.mule.execution.MessageProcessorNotificationExecutionInterceptor.execute(MessageProcessorNotificationExecutionInterceptor.java:108) ~[mule-core-3.8.5.jar:3.8.5]
	at org.mule.execution.MessageProcessorExecutionTemplate.execute(MessageProcessorExecutionTemplate.java:44) ~[mule-core-3.8.5.jar:3.8.5]
	at org.mule.processor.chain.InterceptingChainLifecycleWrapper.process(InterceptingChainLifecycleWrapper.java:61) ~[mule-core-3.8.5.jar:3.8.5]
	at org.mule.construct.AbstractPipeline$3.process(AbstractPipeline.java:232) ~[mule-core-3.8.5.jar:3.8.5]
	at org.mule.module.http.internal.listener.HttpMessageProcessorTemplate.routeEvent(HttpMessageProcessorTemplate.java:73) ~[mule-module-http-3.8.5.jar:3.8.5]
	at org.mule.execution.AsyncResponseFlowProcessingPhase$1.process(AsyncResponseFlowProcessingPhase.java:72) ~[mule-core-3.8.5.jar:3.8.5]
	at org.mule.execution.AsyncResponseFlowProcessingPhase$1.process(AsyncResponseFlowProcessingPhase.java:59) ~[mule-core-3.8.5.jar:3.8.5]
	at org.mule.execution.ExecuteCallbackInterceptor.execute(ExecuteCallbackInterceptor.java:16) ~[mule-core-3.8.5.jar:3.8.5]
	at org.mule.execution.CommitTransactionInterceptor.execute(CommitTransactionInterceptor.java:35) ~[mule-core-3.8.5.jar:3.8.5]
	at org.mule.execution.CommitTransactionInterceptor.execute(CommitTransactionInterceptor.java:22) ~[mule-core-3.8.5.jar:3.8.5]
	at org.mule.execution.HandleExceptionInterceptor.execute(HandleExceptionInterceptor.java:30) ~[mule-core-3.8.5.jar:3.8.5]
	at org.mule.execution.HandleExceptionInterceptor.execute(HandleExceptionInterceptor.java:14) ~[mule-core-3.8.5.jar:3.8.5]
	at org.mule.execution.BeginAndResolveTransactionInterceptor.execute(BeginAndResolveTransactionInterceptor.java:67) ~[mule-core-3.8.5.jar:3.8.5]
	at org.mule.execution.ResolvePreviousTransactionInterceptor.execute(ResolvePreviousTransactionInterceptor.java:44) ~[mule-core-3.8.5.jar:3.8.5]
	at org.mule.execution.SuspendXaTransactionInterceptor.execute(SuspendXaTransactionInterceptor.java:50) ~[mule-core-3.8.5.jar:3.8.5]
	at org.mule.execution.ValidateTransactionalStateInterceptor.execute(ValidateTransactionalStateInterceptor.java:40) ~[mule-core-3.8.5.jar:3.8.5]
	at org.mule.execution.IsolateCurrentTransactionInterceptor.execute(IsolateCurrentTransactionInterceptor.java:41) ~[mule-core-3.8.5.jar:3.8.5]
	at org.mule.execution.ExternalTransactionInterceptor.execute(ExternalTransactionInterceptor.java:48) ~[mule-core-3.8.5.jar:3.8.5]
	at org.mule.execution.RethrowExceptionInterceptor.execute(RethrowExceptionInterceptor.java:28) ~[mule-core-3.8.5.jar:3.8.5]
	at org.mule.execution.RethrowExceptionInterceptor.execute(RethrowExceptionInterceptor.java:13) ~[mule-core-3.8.5.jar:3.8.5]
	at org.mule.execution.TransactionalErrorHandlingExecutionTemplate.execute(TransactionalErrorHandlingExecutionTemplate.java:110) ~[mule-core-3.8.5.jar:3.8.5]
	at org.mule.execution.AsyncResponseFlowProcessingPhase.runPhase(AsyncResponseFlowProcessingPhase.java:58) ~[mule-core-3.8.5.jar:3.8.5]
	at org.mule.execution.AsyncResponseFlowProcessingPhase.runPhase(AsyncResponseFlowProcessingPhase.java:35) ~[mule-core-3.8.5.jar:3.8.5]
	at org.mule.execution.PhaseExecutionEngine$InternalPhaseExecutionEngine.phaseSuccessfully(PhaseExecutionEngine.java:65) ~[mule-core-3.8.5.jar:3.8.5]
	at org.mule.execution.PhaseExecutionEngine$InternalPhaseExecutionEngine.phaseSuccessfully(PhaseExecutionEngine.java:69) ~[mule-core-3.8.5.jar:3.8.5]
	at com.mulesoft.mule.throttling.ThrottlingPhase.runPhase(ThrottlingPhase.java:187) ~[mule-module-throttling-ee-3.8.5.jar:3.8.5]
	at com.mulesoft.mule.throttling.ThrottlingPhase.runPhase(ThrottlingPhase.java:58) ~[mule-module-throttling-ee-3.8.5.jar:3.8.5]
	at org.mule.execution.PhaseExecutionEngine$InternalPhaseExecutionEngine.phaseSuccessfully(PhaseExecutionEngine.java:65) ~[mule-core-3.8.5.jar:3.8.5]
	at com.mulesoft.gateway.http.phases.GatewayValidationPhase.runPhase(GatewayValidationPhase.java:93) ~[gateway-core-3.8.5.jar:3.8.5]
	at com.mulesoft.gateway.http.phases.GatewayValidationPhase.runPhase(GatewayValidationPhase.java:49) ~[gateway-core-3.8.5.jar:3.8.5]
	at org.mule.execution.PhaseExecutionEngine$InternalPhaseExecutionEngine.phaseSuccessfully(PhaseExecutionEngine.java:65) ~[mule-core-3.8.5.jar:3.8.5]
	at org.mule.modules.cors.CorsPhase.runPhase(CorsPhase.java:112) ~[mule-module-cors-gw-3.8.5.jar:3.8.5]
	at org.mule.modules.cors.CorsPhase.runPhase(CorsPhase.java:39) ~[mule-module-cors-gw-3.8.5.jar:3.8.5]
	at org.mule.execution.PhaseExecutionEngine$InternalPhaseExecutionEngine.process(PhaseExecutionEngine.java:114) ~[mule-core-3.8.5.jar:3.8.5]
	at org.mule.execution.PhaseExecutionEngine.process(PhaseExecutionEngine.java:41) ~[mule-core-3.8.5.jar:3.8.5]
	at org.mule.execution.MuleMessageProcessingManager.processMessage(MuleMessageProcessingManager.java:32) ~[mule-core-3.8.5.jar:3.8.5]
	at org.mule.module.http.internal.listener.DefaultHttpListener$1.handleRequest(DefaultHttpListener.java:135) ~[mule-module-http-3.8.5.jar:3.8.5]
	at org.mule.module.http.internal.listener.grizzly.GrizzlyRequestDispatcherFilter.handleRead(GrizzlyRequestDispatcherFilter.java:100) ~[mule-module-http-3.8.5.jar:3.8.5]
	at org.glassfish.grizzly.filterchain.ExecutorResolver$9.execute(ExecutorResolver.java:119) ~[grizzly-framework-2.3.29.jar:2.3.29]
	at org.glassfish.grizzly.filterchain.DefaultFilterChain.executeFilter(DefaultFilterChain.java:284) ~[grizzly-framework-2.3.29.jar:2.3.29]
	at org.glassfish.grizzly.filterchain.DefaultFilterChain.executeChainPart(DefaultFilterChain.java:201) ~[grizzly-framework-2.3.29.jar:2.3.29]
	at org.glassfish.grizzly.filterchain.DefaultFilterChain.execute(DefaultFilterChain.java:133) ~[grizzly-framework-2.3.29.jar:2.3.29]
	at org.glassfish.grizzly.filterchain.DefaultFilterChain.process(DefaultFilterChain.java:112) ~[grizzly-framework-2.3.29.jar:2.3.29]
	at org.glassfish.grizzly.ProcessorExecutor.execute(ProcessorExecutor.java:77) ~[grizzly-framework-2.3.29.jar:2.3.29]
	at org.glassfish.grizzly.nio.transport.TCPNIOTransport.fireIOEvent(TCPNIOTransport.java:539) ~[grizzly-framework-2.3.29.jar:2.3.29]
	at org.glassfish.grizzly.strategies.AbstractIOStrategy.fireIOEvent(AbstractIOStrategy.java:112) ~[grizzly-framework-2.3.29.jar:2.3.29]
	at org.mule.module.http.internal.listener.grizzly.ExecutorPerServerAddressIOStrategy.run0(ExecutorPerServerAddressIOStrategy.java:119) ~[mule-module-http-3.8.5.jar:3.8.5]
	at org.mule.module.http.internal.listener.grizzly.ExecutorPerServerAddressIOStrategy.access$100(ExecutorPerServerAddressIOStrategy.java:31) ~[mule-module-http-3.8.5.jar:3.8.5]
	at org.mule.module.http.internal.listener.grizzly.ExecutorPerServerAddressIOStrategy$WorkerThreadRunnable.run(ExecutorPerServerAddressIOStrategy.java:142) ~[mule-module-http-3.8.5.jar:3.8.5]
	at java.util.concurrent.ThreadPoolExecutor.runWorker(Unknown Source) [?:1.8.0_102]
	at java.util.concurrent.ThreadPoolExecutor$Worker.run(Unknown Source) [?:1.8.0_102]
	at java.lang.Thread.run(Unknown Source) [?:1.8.0_102]
